[ Jan 27 2015 13:11:00 ] [var/ezdemo_site/cache/trans/g-urlalias-1350215278-utf-8.ctt.php]
[ Jan 27 2015 13:11:01 ] [/var/www/public_websites/drumedar.net/newscenter.drumedar.net/htdocs/ezpublish_legacy/lib/ezutils/classes/../../../var/cache/ini/site-9cb0e9631ed265dd09f7291efc783195.php]
[ Jan 27 2015 13:11:03 ] [/var/www/public_websites/drumedar.net/newscenter.drumedar.net/htdocs/ezpublish_legacy/lib/ezutils/classes/../../../var/cache/ini/site-9cb0e9631ed265dd09f7291efc783195.php]
[ Jan 27 2015 13:11:04 ] [/var/www/public_websites/drumedar.net/newscenter.drumedar.net/htdocs/ezpublish_legacy/lib/ezutils/classes/../../../var/cache/ini/country-d0b25fd0e88aef257fad3f5e3f576259.php]
[ Jan 27 2015 13:11:04 ] [/var/www/public_websites/drumedar.net/newscenter.drumedar.net/htdocs/ezpublish_legacy/lib/ezutils/classes/../../../var/cache/ini/shop-d041d1de3cfcb800029732603d1289cf.php]
[ Jan 27 2015 13:11:04 ] [var/ezdemo_site/cache/trans/g-lowercase-635518252-utf-8.ctt.php]
[ Jan 27 2015 13:11:04 ] [/var/www/public_websites/drumedar.net/newscenter.drumedar.net/htdocs/ezpublish_legacy/lib/ezutils/classes/../../../var/cache/ini/browse-9cad36798ff46a9c3346eec5e86012ad.php]
[ Jan 27 2015 13:11:04 ] [var/ezdemo_site/cache/classattributeidentifiers_10ad1f9f8af3bd7f11fc0bbdef207bdb.php]
[ Jan 27 2015 13:11:05 ] [var/ezdemo_site/cache/trans/g-urlalias_compat-289587731-utf-8.ctt.php]
[ Jan 27 2015 13:11:05 ] [/var/www/public_websites/drumedar.net/newscenter.drumedar.net/htdocs/ezpublish_legacy/lib/ezutils/classes/../../../var/cache/ini/viewcache-27fc14fff52493a580b0885d7a777cb2.php]
[ Jan 27 2015 13:11:05 ] [var/ezdemo_site/cache/trans/g-search-1924056142-utf-8.ctt.php]
[ Jan 27 2015 13:11:05 ] [/var/www/public_websites/drumedar.net/newscenter.drumedar.net/htdocs/ezpublish_legacy/lib/ezutils/classes/../../../var/cache/ini/notification-ed0e63692e00f7615235c74ecdcaee35.php]
[ Jan 27 2015 13:11:05 ] [/var/www/public_websites/drumedar.net/newscenter.drumedar.net/htdocs/ezpublish_legacy/lib/ezutils/classes/../../../var/cache/ini/ezxml-8d5968497d0d06db4b5e462d0b415082.php]
[ Jan 27 2015 13:11:05 ] [/var/www/public_websites/drumedar.net/newscenter.drumedar.net/htdocs/ezpublish_legacy/lib/ezutils/classes/../../../var/cache/ini/mime-a915a6fa8eec8f1145405a0326aeabda.php]
[ Jan 27 2015 13:11:05 ] [/var/www/public_websites/drumedar.net/newscenter.drumedar.net/htdocs/ezpublish_legacy/lib/ezutils/classes/../../../var/cache/ini/toolbar-640b0c83b6b4f2e4625f3cecc72d4c14.php]
[ Jan 27 2015 13:11:05 ] [/var/www/public_websites/drumedar.net/newscenter.drumedar.net/htdocs/ezpublish_legacy/lib/ezutils/classes/../../../var/cache/ini/contentstructuremenu-35dc8acffa58c013fcd7c4eb7908b036.php]
[ Jan 27 2015 13:11:05 ] [/var/www/public_websites/drumedar.net/newscenter.drumedar.net/htdocs/ezpublish_legacy/lib/ezutils/classes/../../../var/cache/ini/icon-f6f9d972d331f69e3dedae89d5539191.php]
[ Jan 27 2015 13:11:05 ] [/var/www/public_websites/drumedar.net/newscenter.drumedar.net/htdocs/ezpublish_legacy/lib/ezutils/classes/../../../var/cache/ini/audit-bcb0f5f1caf0dd0fb42800441732b485.php]
[ Jan 27 2015 13:11:06 ] [var/ezdemo_site/cache/classidentifiers_10ad1f9f8af3bd7f11fc0bbdef207bdb.php]
[ Jan 27 2015 13:11:06 ] [var/ezdemo_site/cache/classattributeidentifiers_10ad1f9f8af3bd7f11fc0bbdef207bdb.php]
[ Jan 27 2015 13:11:06 ] [/var/www/public_websites/drumedar.net/newscenter.drumedar.net/htdocs/ezpublish_legacy/lib/ezutils/classes/../../../var/cache/ini/workflow-bbdaa9d448c9363def9a30b9af63440d.php]
[ Jan 27 2015 13:11:06 ] [/var/www/public_websites/drumedar.net/newscenter.drumedar.net/htdocs/ezpublish_legacy/lib/ezutils/classes/../../../var/cache/ini/paymentgateways-6783c224887b73ddeb325fed92dd715b.php]
[ Jan 27 2015 13:11:06 ] [var/ezdemo_site/cache/classattributeidentifiers_10ad1f9f8af3bd7f11fc0bbdef207bdb.php]
[ Jan 27 2015 13:11:06 ] [/var/www/public_websites/drumedar.net/newscenter.drumedar.net/htdocs/ezpublish_legacy/lib/ezutils/classes/../../../var/cache/ini/site-3b430889426d28ccb364922323f44b95.php]
[ Jan 27 2015 13:11:06 ] [/var/www/public_websites/drumedar.net/newscenter.drumedar.net/htdocs/ezpublish_legacy/lib/ezutils/classes/../../../var/cache/ini/override-cee69a0123343a31546a33e829b8d076.php]
[ Jan 27 2015 13:11:06 ] [/var/www/public_websites/drumedar.net/newscenter.drumedar.net/htdocs/ezpublish_legacy/lib/ezutils/classes/../../../var/cache/ini/override-79977ccbe2a8a28bb06058045e516eb5.php]
[ Jan 27 2015 13:11:06 ] [/var/www/public_websites/drumedar.net/newscenter.drumedar.net/htdocs/ezpublish_legacy/lib/ezutils/classes/../../../var/cache/ini/override-52c7e374f6b5d6f2321807acdf9e88bf.php]
[ Jan 27 2015 13:11:06 ] [/var/www/public_websites/drumedar.net/newscenter.drumedar.net/htdocs/ezpublish_legacy/lib/ezutils/classes/../../../var/cache/ini/texttoimage-7d6660b3fd7317be294468d23cb049f7.php]
[ Jan 27 2015 13:11:06 ] [/var/www/public_websites/drumedar.net/newscenter.drumedar.net/htdocs/ezpublish_legacy/lib/ezutils/classes/../../../var/cache/ini/layout-b5db9a3c69e09c4bd651d71fb240bbdb.php]
[ Jan 27 2015 13:11:06 ] [var/cache//active_extensions_6b075d2427b96c2a4179231e3003c583.php]
[ Jan 27 2015 13:11:06 ] [/var/www/public_websites/drumedar.net/newscenter.drumedar.net/htdocs/ezpublish_legacy/lib/ezutils/classes/../../../var/cache/ini/override-b273bc2282a1ed186eaf2a34466f24b0.php]
[ Jan 27 2015 13:11:06 ] [/var/www/public_websites/drumedar.net/newscenter.drumedar.net/htdocs/ezpublish_legacy/lib/ezutils/classes/../../../var/cache/ini/design-569b67ba45ba5f7f63a16bfbd593a298.php]
[ Jan 27 2015 13:11:06 ] [var/ezdemo_site/cache/override/override_8e90b0d63025faec1ef0ecd38da41be2.php]
[ Jan 27 2015 13:11:06 ] [/var/www/public_websites/drumedar.net/newscenter.drumedar.net/htdocs/ezpublish_legacy/lib/ezutils/classes/../../../var/cache/ini/menu-0f719c2f807694b5d9b3eb82ea307757.php]
[ Jan 27 2015 13:12:35 ] [/var/www/public_websites/drumedar.net/newscenter.drumedar.net/htdocs/ezpublish_legacy/lib/ezutils/classes/../../../var/cache/ini/site-c1623af31c16fc3ffee5a05097e95dd6.php]
[ Jan 27 2015 13:12:35 ] [/var/www/public_websites/drumedar.net/newscenter.drumedar.net/htdocs/ezpublish_legacy/lib/ezutils/classes/../../../var/cache/ini/i18n-678d2accc237fa9079b9b3abc491748f.php]
[ Jan 27 2015 13:12:35 ] [/var/www/public_websites/drumedar.net/newscenter.drumedar.net/htdocs/ezpublish_legacy/lib/ezutils/classes/../../../var/cache/ini/i18n-f7061ade0fe840d15a8c81f654b48eb1.php]
[ Jan 27 2015 13:12:35 ] [/var/www/public_websites/drumedar.net/newscenter.drumedar.net/htdocs/ezpublish_legacy/lib/ezutils/classes/../../../var/cache/ini/file-33c0d0b2750379ea6bbc0a7c3b47cab4.php]
[ Jan 27 2015 13:12:35 ] [/var/www/public_websites/drumedar.net/newscenter.drumedar.net/htdocs/ezpublish_legacy/lib/ezutils/classes/../../../var/cache/ini/debug-30b58d57277a91a861853a35747eb10e.php]
[ Jan 27 2015 13:12:35 ] [/var/www/public_websites/drumedar.net/newscenter.drumedar.net/htdocs/ezpublish_legacy/lib/ezutils/classes/../../../var/cache/ini/site-6cd0c19565d36f6d4dfbedabb183687e.php]
[ Jan 27 2015 13:12:35 ] [/var/www/public_websites/drumedar.net/newscenter.drumedar.net/htdocs/ezpublish_legacy/lib/ezutils/classes/../../../var/cache/ini/template-ddce10eebf568ab11a14457012b2c490.php]
[ Jan 27 2015 13:12:35 ] [/var/www/public_websites/drumedar.net/newscenter.drumedar.net/htdocs/ezpublish_legacy/lib/ezutils/classes/../../../var/cache/ini/site-609e63860e4731fd687803844de8743a.php]
[ Jan 27 2015 13:12:35 ] [/var/www/public_websites/drumedar.net/newscenter.drumedar.net/htdocs/ezpublish_legacy/lib/ezutils/classes/../../../var/cache/ini/module-3313b0149bc674197ad610ebc17bb291.php]
[ Jan 27 2015 13:12:35 ] [/var/www/public_websites/drumedar.net/newscenter.drumedar.net/htdocs/ezpublish_legacy/lib/ezutils/classes/../../../var/cache/ini/debug-b287827c6c71daf28463736ba55f8b70.php]
[ Jan 27 2015 13:12:35 ] [/var/www/public_websites/drumedar.net/newscenter.drumedar.net/htdocs/ezpublish_legacy/lib/ezutils/classes/../../../var/cache/ini/swe-SE-47429ebae39fe3e4414d26d298d1961d.php]
[ Jan 27 2015 13:12:35 ] [/var/www/public_websites/drumedar.net/newscenter.drumedar.net/htdocs/ezpublish_legacy/lib/ezutils/classes/../../../var/cache/ini/template-2de41c9b1dea5fa909835959cc21c181.php]
[ Jan 27 2015 13:12:35 ] [/var/www/public_websites/drumedar.net/newscenter.drumedar.net/htdocs/ezpublish_legacy/lib/ezutils/classes/../../../var/cache/ini/i18n-20c380e4d8dd91849065e65a5ef31c59.php]
[ Jan 27 2015 13:12:35 ] [var/ezdemo_site/cache/translation/116c467d302d69cc1951896fc44b1880/swe-SE/c289b3ed89e7dee8a3a352a77b308232.php]
[ Jan 27 2015 13:12:35 ] [var/ezdemo_site/cache/translation/116c467d302d69cc1951896fc44b1880/swe-SE/8994ca91ad83b44dc9086410d8bf4ebe.php]
[ Jan 27 2015 13:12:35 ] [var/ezdemo_site/cache/translation/116c467d302d69cc1951896fc44b1880/swe-SE/31c13f47ad87dd7baa2d558a91e0fbb9.php]
[ Jan 27 2015 13:12:35 ] [var/ezdemo_site/cache/translation/116c467d302d69cc1951896fc44b1880/swe-SE/bc51e29a14f2e3fe88784ab0fc855b78.php]
[ Jan 27 2015 13:12:35 ] [var/ezdemo_site/cache/translation/116c467d302d69cc1951896fc44b1880/swe-SE/c1336e7574d22fd48150bcf11ee01e7c.php]
[ Jan 27 2015 13:12:35 ] [var/ezdemo_site/cache/translation/116c467d302d69cc1951896fc44b1880/swe-SE/d0dacb89c3f2673c993a6c4a20dcfec0.php]
[ Jan 27 2015 13:12:35 ] [var/ezdemo_site/cache/translation/116c467d302d69cc1951896fc44b1880/swe-SE/df040ccff08a8acdcaa56e7d96af635a.php]
[ Jan 27 2015 13:12:35 ] [var/ezdemo_site/cache/translation/116c467d302d69cc1951896fc44b1880/swe-SE/d1ffd70cb6e91c5ba56e5831e64a94eb.php]
[ Jan 27 2015 13:12:35 ] [var/ezdemo_site/cache/translation/116c467d302d69cc1951896fc44b1880/swe-SE/49553db8d7bc5ac1ce5e0bb5bc852f0c.php]
[ Jan 27 2015 13:12:35 ] [var/ezdemo_site/cache/translation/116c467d302d69cc1951896fc44b1880/swe-SE/76187acd173d8f8ac7c9fe3e21615e19.php]
[ Jan 27 2015 13:12:35 ] [var/ezdemo_site/cache/translation/116c467d302d69cc1951896fc44b1880/swe-SE/36a9108f9c02916acdc13679e7ebf825.php]
[ Jan 27 2015 13:12:35 ] [var/ezdemo_site/cache/translation/116c467d302d69cc1951896fc44b1880/swe-SE/d855d89240be924aa6916a46a19f986d.php]
[ Jan 27 2015 13:12:35 ] [var/ezdemo_site/cache/translation/116c467d302d69cc1951896fc44b1880/swe-SE/70d897de0f456a1fa6cf98d7c448887c.php]
[ Jan 27 2015 13:12:35 ] [var/ezdemo_site/cache/translation/116c467d302d69cc1951896fc44b1880/swe-SE/f7e214fe4ed7ebbc781f27d209ed7aa1.php]
[ Jan 27 2015 13:12:35 ] [var/ezdemo_site/cache/translation/116c467d302d69cc1951896fc44b1880/swe-SE/367aae62c29bb05f8b5f945afdb27930.php]
[ Jan 27 2015 13:12:35 ] [var/ezdemo_site/cache/translation/116c467d302d69cc1951896fc44b1880/swe-SE/ea03612dc6235478341a57206f981319.php]
[ Jan 27 2015 13:12:35 ] [var/ezdemo_site/cache/translation/116c467d302d69cc1951896fc44b1880/swe-SE/e85595b58e9ab792e50ae2bdbf6d8f8c.php]
[ Jan 27 2015 13:12:35 ] [var/ezdemo_site/cache/translation/116c467d302d69cc1951896fc44b1880/swe-SE/afced080b3d75515a1e4e56b12a3f015.php]
[ Jan 27 2015 13:12:35 ] [var/ezdemo_site/cache/translation/116c467d302d69cc1951896fc44b1880/swe-SE/b0c5074382b446d5ffa28d03c9039f0c.php]
[ Jan 27 2015 13:12:35 ] [var/ezdemo_site/cache/translation/116c467d302d69cc1951896fc44b1880/swe-SE/c88e23444d7a8f6b05189f0c567f075b.php]
[ Jan 27 2015 13:12:35 ] [var/ezdemo_site/cache/translation/116c467d302d69cc1951896fc44b1880/swe-SE/7f7330910538dedd084ae50285ad02ab.php]
[ Jan 27 2015 13:12:35 ] [var/ezdemo_site/cache/translation/116c467d302d69cc1951896fc44b1880/swe-SE/28ac242adbc9f6ec8f17ce3e160febc4.php]
[ Jan 27 2015 13:12:35 ] [var/ezdemo_site/cache/translation/116c467d302d69cc1951896fc44b1880/swe-SE/f2fb430e5e508228e1ef1151e290e834.php]
[ Jan 27 2015 13:12:35 ] [var/ezdemo_site/cache/translation/116c467d302d69cc1951896fc44b1880/swe-SE/36c1459bf31f5be8ca2a17dc4ecb73a5.php]
[ Jan 27 2015 13:12:35 ] [var/ezdemo_site/cache/translation/116c467d302d69cc1951896fc44b1880/swe-SE/00496fbf6c90f13617af39df3e291253.php]
[ Jan 27 2015 13:12:35 ] [var/ezdemo_site/cache/translation/116c467d302d69cc1951896fc44b1880/swe-SE/9f4fa29653bf2279a94725470a1fe11c.php]
[ Jan 27 2015 13:12:35 ] [var/ezdemo_site/cache/translation/116c467d302d69cc1951896fc44b1880/swe-SE/edbd862e921e97f58d54abb7a3216999.php]
[ Jan 27 2015 13:12:35 ] [var/ezdemo_site/cache/translation/116c467d302d69cc1951896fc44b1880/swe-SE/866d1e99d911ec636b871378c1d2f0e7.php]
[ Jan 27 2015 13:12:35 ] [var/ezdemo_site/cache/translation/116c467d302d69cc1951896fc44b1880/swe-SE/c0f1d843f972d320a9dcb9bcccf6fe5e.php]
[ Jan 27 2015 13:12:35 ] [var/ezdemo_site/cache/translation/116c467d302d69cc1951896fc44b1880/swe-SE/d5fa73f0c1b916f948ab420475b3c7ae.php]
[ Jan 27 2015 13:12:35 ] [var/ezdemo_site/cache/translation/116c467d302d69cc1951896fc44b1880/swe-SE/ae3de24ca63898d804f49d32f3007c97.php]
[ Jan 27 2015 13:12:35 ] [var/ezdemo_site/cache/translation/116c467d302d69cc1951896fc44b1880/swe-SE/c368d49687b59d4e37037374847e917c.php]
[ Jan 27 2015 13:12:35 ] [var/ezdemo_site/cache/translation/116c467d302d69cc1951896fc44b1880/swe-SE/3737d512db41ed5186b9f242f809bf94.php]
[ Jan 27 2015 13:12:35 ] [var/ezdemo_site/cache/translation/116c467d302d69cc1951896fc44b1880/swe-SE/6b7aef5a54c5ee709f2663a42f2646d7.php]
[ Jan 27 2015 13:12:35 ] [var/ezdemo_site/cache/translation/116c467d302d69cc1951896fc44b1880/swe-SE/d7c297709d7b6c91720d61d2aef49e7b.php]
[ Jan 27 2015 13:12:35 ] [var/ezdemo_site/cache/translation/116c467d302d69cc1951896fc44b1880/swe-SE/1333385cbcef55b40a339520a645427f.php]
[ Jan 27 2015 13:12:35 ] [var/ezdemo_site/cache/translation/116c467d302d69cc1951896fc44b1880/swe-SE/b1d8733708d8a8df39bf2efeac82186b.php]
[ Jan 27 2015 13:12:35 ] [var/ezdemo_site/cache/translation/116c467d302d69cc1951896fc44b1880/swe-SE/d11fe65c3d8c681abbff827365106b24.php]
[ Jan 27 2015 13:12:35 ] [var/ezdemo_site/cache/translation/116c467d302d69cc1951896fc44b1880/swe-SE/8fd18226acb14e5346711e18e7d1a536.php]
[ Jan 27 2015 13:12:35 ] [var/ezdemo_site/cache/translation/116c467d302d69cc1951896fc44b1880/swe-SE/3bb945a0d9ac47be81d5bc1355d41c65.php]
[ Jan 27 2015 13:12:35 ] [var/ezdemo_site/cache/translation/116c467d302d69cc1951896fc44b1880/swe-SE/8b181cddef7bb285d51fbf3cb9126d35.php]
[ Jan 27 2015 13:12:35 ] [var/ezdemo_site/cache/translation/116c467d302d69cc1951896fc44b1880/swe-SE/45a867721700bbdff78aa95e4965a460.php]
[ Jan 27 2015 13:12:35 ] [var/ezdemo_site/cache/translation/116c467d302d69cc1951896fc44b1880/swe-SE/f548c8313a8f2076748b6069a44f0c01.php]
[ Jan 27 2015 13:12:35 ] [var/ezdemo_site/cache/translation/116c467d302d69cc1951896fc44b1880/swe-SE/e5593983b84bf866abab665c63bf8180.php]
[ Jan 27 2015 13:12:35 ] [var/ezdemo_site/cache/translation/116c467d302d69cc1951896fc44b1880/swe-SE/a3e18e7bc75803b84487633febe2b4c0.php]
[ Jan 27 2015 13:12:35 ] [var/ezdemo_site/cache/translation/116c467d302d69cc1951896fc44b1880/swe-SE/15b28dd6cab18367958292777bff1965.php]
[ Jan 27 2015 13:12:35 ] [var/ezdemo_site/cache/translation/116c467d302d69cc1951896fc44b1880/swe-SE/1574328ce790283d123e0c4b316a9491.php]
[ Jan 27 2015 13:12:35 ] [var/ezdemo_site/cache/translation/116c467d302d69cc1951896fc44b1880/swe-SE/7e66c1d7d7ca3f2160e55b623e3ca632.php]
[ Jan 27 2015 13:12:35 ] [var/ezdemo_site/cache/translation/116c467d302d69cc1951896fc44b1880/swe-SE/2ef5145c7383bc4f9a2f4b276530c5ac.php]
[ Jan 27 2015 13:12:35 ] [var/ezdemo_site/cache/translation/116c467d302d69cc1951896fc44b1880/swe-SE/e1865bb9511c2e58519696970e878347.php]
[ Jan 27 2015 13:12:35 ] [var/ezdemo_site/cache/translation/116c467d302d69cc1951896fc44b1880/swe-SE/f8f9556ff690dd8ee15b9eb67eaf89ed.php]
[ Jan 27 2015 13:12:35 ] [var/ezdemo_site/cache/translation/116c467d302d69cc1951896fc44b1880/swe-SE/c1579644ebe1737341d3b36a8b49b436.php]
[ Jan 27 2015 13:12:35 ] [var/ezdemo_site/cache/translation/116c467d302d69cc1951896fc44b1880/swe-SE/a586266882239d531fc73588e704f455.php]
[ Jan 27 2015 13:12:35 ] [var/ezdemo_site/cache/translation/116c467d302d69cc1951896fc44b1880/swe-SE/650b8a8038289d93cf103aaa7e1a469f.php]
[ Jan 27 2015 13:12:35 ] [var/ezdemo_site/cache/translation/116c467d302d69cc1951896fc44b1880/swe-SE/bb1b35ef5dc34568ffed35d2fd226b7e.php]
[ Jan 27 2015 13:12:35 ] [var/ezdemo_site/cache/translation/116c467d302d69cc1951896fc44b1880/swe-SE/16a0cc7b534fea5f4092b8f8ff6acf55.php]
[ Jan 27 2015 13:12:35 ] [var/ezdemo_site/cache/translation/116c467d302d69cc1951896fc44b1880/swe-SE/07b4b64be5d0a2be01cf66041516d98d.php]
[ Jan 27 2015 13:12:35 ] [var/ezdemo_site/cache/translation/116c467d302d69cc1951896fc44b1880/swe-SE/aeed7d025634ff244176b23f18b6bac7.php]
[ Jan 27 2015 13:12:35 ] [var/ezdemo_site/cache/translation/116c467d302d69cc1951896fc44b1880/swe-SE/09b17593eec252334f55bf2486e378f8.php]
[ Jan 27 2015 13:12:35 ] [var/ezdemo_site/cache/translation/116c467d302d69cc1951896fc44b1880/swe-SE/2a86eb8e754dd7aae2e6805dc18d619d.php]
[ Jan 27 2015 13:12:35 ] [var/ezdemo_site/cache/translation/116c467d302d69cc1951896fc44b1880/swe-SE/afaa90fb30777aa167f4018bf7be8a86.php]
[ Jan 27 2015 13:12:35 ] [var/ezdemo_site/cache/translation/116c467d302d69cc1951896fc44b1880/swe-SE/cf521a9885db8b5fc1cbdf7fcf8999a0.php]
[ Jan 27 2015 13:12:35 ] [var/ezdemo_site/cache/translation/116c467d302d69cc1951896fc44b1880/swe-SE/8c49d63bafa24ad507e630d655fc6181.php]
[ Jan 27 2015 13:12:35 ] [var/ezdemo_site/cache/translation/116c467d302d69cc1951896fc44b1880/swe-SE/fcc6affcf39fe6e846ac4420dc89a91d.php]
[ Jan 27 2015 13:12:35 ] [var/ezdemo_site/cache/translation/116c467d302d69cc1951896fc44b1880/swe-SE/642756cb7c1cba8e5474914553f1a3d6.php]
[ Jan 27 2015 13:12:35 ] [var/ezdemo_site/cache/translation/116c467d302d69cc1951896fc44b1880/swe-SE/307d19a4b79c9d07acd398a8002f9e7f.php]
[ Jan 27 2015 13:12:35 ] [var/ezdemo_site/cache/translation/116c467d302d69cc1951896fc44b1880/swe-SE/4da78089051716a225f3ed9b633dd277.php]
[ Jan 27 2015 13:12:35 ] [var/ezdemo_site/cache/translation/116c467d302d69cc1951896fc44b1880/swe-SE/3cb5e028c893807c13c27a8de8f26e7a.php]
[ Jan 27 2015 13:12:35 ] [var/ezdemo_site/cache/translation/116c467d302d69cc1951896fc44b1880/swe-SE/791b1762e60c7fd2f70a3f256a85bf15.php]
[ Jan 27 2015 13:12:35 ] [var/ezdemo_site/cache/translation/116c467d302d69cc1951896fc44b1880/swe-SE/c172ec7b4f46e28a408165f2b6bf483c.php]
[ Jan 27 2015 13:12:35 ] [var/ezdemo_site/cache/translation/116c467d302d69cc1951896fc44b1880/swe-SE/d4f397cc85197c4eac4a8dfdfebe7e42.php]
[ Jan 27 2015 13:12:35 ] [var/ezdemo_site/cache/translation/116c467d302d69cc1951896fc44b1880/swe-SE/df37b9c150a60874667eb427d329d345.php]
[ Jan 27 2015 13:12:35 ] [var/ezdemo_site/cache/translation/116c467d302d69cc1951896fc44b1880/swe-SE/473f0131a05df64387972ac6c7ba5e25.php]
[ Jan 27 2015 13:12:35 ] [var/ezdemo_site/cache/translation/116c467d302d69cc1951896fc44b1880/swe-SE/379208f1ed4615c0394eba9711e17199.php]
[ Jan 27 2015 13:12:35 ] [var/ezdemo_site/cache/translation/116c467d302d69cc1951896fc44b1880/swe-SE/6ff9f55f284cbc3281551fa40df6d7a8.php]
[ Jan 27 2015 13:12:35 ] [var/ezdemo_site/cache/translation/116c467d302d69cc1951896fc44b1880/swe-SE/0622472e5668e6bbac125d7705bc59c4.php]
[ Jan 27 2015 13:12:35 ] [var/ezdemo_site/cache/translation/116c467d302d69cc1951896fc44b1880/swe-SE/e6982809d28aee46d7ccfea590257e1e.php]
[ Jan 27 2015 13:12:35 ] [var/ezdemo_site/cache/translation/116c467d302d69cc1951896fc44b1880/swe-SE/704209bb922cc08f7bb13aaf2bca8343.php]
[ Jan 27 2015 13:12:35 ] [var/ezdemo_site/cache/translation/116c467d302d69cc1951896fc44b1880/swe-SE/ff246da9ed446182bafe7f6b8b7d721e.php]
[ Jan 27 2015 13:12:35 ] [var/ezdemo_site/cache/translation/116c467d302d69cc1951896fc44b1880/swe-SE/346be7983e710257d4bb5c63902ab5b2.php]
[ Jan 27 2015 13:12:35 ] [var/ezdemo_site/cache/translation/116c467d302d69cc1951896fc44b1880/swe-SE/2be9eb7bcb12382633fe3dbc1798ebe3.php]
[ Jan 27 2015 13:12:35 ] [var/ezdemo_site/cache/translation/116c467d302d69cc1951896fc44b1880/swe-SE/1eaf26ccf870941bb2988826efc23f1e.php]
[ Jan 27 2015 13:12:35 ] [var/ezdemo_site/cache/translation/116c467d302d69cc1951896fc44b1880/swe-SE/f810eab40cd8ea0e3c91f408405dcaa8.php]
[ Jan 27 2015 13:12:35 ] [var/ezdemo_site/cache/translation/116c467d302d69cc1951896fc44b1880/swe-SE/cad1e8e06cef2534182e636cdaa00fbf.php]
[ Jan 27 2015 13:12:35 ] [var/ezdemo_site/cache/translation/116c467d302d69cc1951896fc44b1880/swe-SE/d2b8740bda734b72c6becc643e532a50.php]
[ Jan 27 2015 13:12:35 ] [var/ezdemo_site/cache/translation/116c467d302d69cc1951896fc44b1880/swe-SE/a44bd2be89e5590ae47a3356a60ecb92.php]
[ Jan 27 2015 13:12:35 ] [var/ezdemo_site/cache/translation/116c467d302d69cc1951896fc44b1880/swe-SE/ce7024e0738fe038484d9bd6de5a9fcc.php]
[ Jan 27 2015 13:12:35 ] [var/ezdemo_site/cache/translation/116c467d302d69cc1951896fc44b1880/swe-SE/5a5edc5a124d5136d3e86b22f659a06f.php]
[ Jan 27 2015 13:12:35 ] [var/ezdemo_site/cache/translation/116c467d302d69cc1951896fc44b1880/swe-SE/579613e7ce5d1c3490d2c5513ca9cc40.php]
[ Jan 27 2015 13:12:35 ] [var/ezdemo_site/cache/translation/116c467d302d69cc1951896fc44b1880/swe-SE/4c4a13db928fdfd498e6ba04301504c6.php]
[ Jan 27 2015 13:12:35 ] [var/ezdemo_site/cache/translation/116c467d302d69cc1951896fc44b1880/swe-SE/013fd924da722b5ca5443d162599093a.php]
[ Jan 27 2015 13:12:35 ] [var/ezdemo_site/cache/translation/116c467d302d69cc1951896fc44b1880/swe-SE/b9c3c41b41662b6c567e025760e4014a.php]
[ Jan 27 2015 13:12:35 ] [var/ezdemo_site/cache/translation/116c467d302d69cc1951896fc44b1880/swe-SE/f8ea64cc1ccf895ebf28ca4ef8d2f522.php]
[ Jan 27 2015 13:12:35 ] [var/ezdemo_site/cache/translation/116c467d302d69cc1951896fc44b1880/swe-SE/86ac527ad092ee2a0002b85ef5f2c717.php]
[ Jan 27 2015 13:12:35 ] [var/ezdemo_site/cache/translation/116c467d302d69cc1951896fc44b1880/swe-SE/deebfed2cfaed96c638a5cebfda274f0.php]
[ Jan 27 2015 13:12:35 ] [var/ezdemo_site/cache/translation/116c467d302d69cc1951896fc44b1880/swe-SE/a069991d73faf3f8612e4714ae6c8760.php]
[ Jan 27 2015 13:12:35 ] [var/ezdemo_site/cache/translation/116c467d302d69cc1951896fc44b1880/swe-SE/8c763b95201549332e755fabafd0c170.php]
[ Jan 27 2015 13:12:35 ] [var/ezdemo_site/cache/translation/116c467d302d69cc1951896fc44b1880/swe-SE/53a9fcef22fcb84a914b650d1351943f.php]
[ Jan 27 2015 13:12:35 ] [var/ezdemo_site/cache/translation/116c467d302d69cc1951896fc44b1880/swe-SE/b2daebb7d57bfe00aa1d94c65d842638.php]
[ Jan 27 2015 13:12:35 ] [var/ezdemo_site/cache/translation/116c467d302d69cc1951896fc44b1880/swe-SE/0f397625cc78bd3ec5ac823ba8ddba13.php]
[ Jan 27 2015 13:12:35 ] [var/ezdemo_site/cache/translation/116c467d302d69cc1951896fc44b1880/swe-SE/2deaf73fbdb30373798bff18c18ac53a.php]
[ Jan 27 2015 13:12:35 ] [var/ezdemo_site/cache/translation/116c467d302d69cc1951896fc44b1880/swe-SE/00ce4c087368a5e46142dfcdfe8ee6c7.php]
[ Jan 27 2015 13:12:35 ] [var/ezdemo_site/cache/translation/116c467d302d69cc1951896fc44b1880/swe-SE/39f30c5cb3b01b4eb8ca09d343488898.php]
[ Jan 27 2015 13:12:35 ] [var/ezdemo_site/cache/translation/116c467d302d69cc1951896fc44b1880/swe-SE/775a76194f44c33a307d8edc721e50b7.php]
[ Jan 27 2015 13:12:35 ] [var/ezdemo_site/cache/translation/116c467d302d69cc1951896fc44b1880/swe-SE/ce045bb8ac568996a428cd4c9f351ad1.php]
[ Jan 27 2015 13:12:35 ] [var/ezdemo_site/cache/translation/116c467d302d69cc1951896fc44b1880/swe-SE/003c88ebdec897f3b55e9acc0406ef78.php]
[ Jan 27 2015 13:12:35 ] [var/ezdemo_site/cache/translation/116c467d302d69cc1951896fc44b1880/swe-SE/2d2466bcdf6093ed8e5ca73be4c2e918.php]
[ Jan 27 2015 13:12:35 ] [var/ezdemo_site/cache/translation/116c467d302d69cc1951896fc44b1880/swe-SE/44462935b3efeff2d7985daf2581e840.php]
[ Jan 27 2015 13:12:35 ] [var/ezdemo_site/cache/translation/116c467d302d69cc1951896fc44b1880/swe-SE/1f4e88f0b8c48c7e4f33fb49f031bd5d.php]
[ Jan 27 2015 13:12:35 ] [var/ezdemo_site/cache/translation/116c467d302d69cc1951896fc44b1880/swe-SE/20fdcaf3348d79cce748abcaded08a15.php]
[ Jan 27 2015 13:12:35 ] [var/ezdemo_site/cache/translation/116c467d302d69cc1951896fc44b1880/swe-SE/0a83ae2874dddbf4e8a86e77f19b0cce.php]
[ Jan 27 2015 13:12:35 ] [var/ezdemo_site/cache/translation/116c467d302d69cc1951896fc44b1880/swe-SE/6ac0ebe2fc56f01920ee4b69583f4c46.php]
[ Jan 27 2015 13:12:35 ] [var/ezdemo_site/cache/translation/116c467d302d69cc1951896fc44b1880/swe-SE/6defe3e5c4b3845d1e0bab868553d192.php]
[ Jan 27 2015 13:12:35 ] [var/ezdemo_site/cache/translation/116c467d302d69cc1951896fc44b1880/swe-SE/55212a5b7f9af8f061aeff36413e94ba.php]
[ Jan 27 2015 13:12:35 ] [var/ezdemo_site/cache/translation/116c467d302d69cc1951896fc44b1880/swe-SE/7f6e5eb856963abcb6f206e39ba51c03.php]
[ Jan 27 2015 13:12:35 ] [var/ezdemo_site/cache/translation/116c467d302d69cc1951896fc44b1880/swe-SE/a45c0bcfcd30301409525a52f0cfe1e7.php]
[ Jan 27 2015 13:12:35 ] [var/ezdemo_site/cache/translation/116c467d302d69cc1951896fc44b1880/swe-SE/d3b4a9bc0623e5ae6e592130eee287d3.php]
[ Jan 27 2015 13:12:35 ] [var/ezdemo_site/cache/translation/116c467d302d69cc1951896fc44b1880/swe-SE/bf8e5a88333c5b328f61771b1546dffb.php]
[ Jan 27 2015 13:12:35 ] [var/ezdemo_site/cache/translation/116c467d302d69cc1951896fc44b1880/swe-SE/035203e110c8f59a61e0e197468a0108.php]
[ Jan 27 2015 13:12:35 ] [var/ezdemo_site/cache/translation/116c467d302d69cc1951896fc44b1880/swe-SE/283c1434da3eef165f87e28a3d149889.php]
[ Jan 27 2015 13:12:35 ] [var/ezdemo_site/cache/translation/116c467d302d69cc1951896fc44b1880/swe-SE/aac4621c5af038655d418baf287ac2e9.php]
[ Jan 27 2015 13:12:35 ] [var/ezdemo_site/cache/translation/116c467d302d69cc1951896fc44b1880/swe-SE/dcdb97ae4e62e985a507084f4dc40400.php]
[ Jan 27 2015 13:12:35 ] [var/ezdemo_site/cache/translation/116c467d302d69cc1951896fc44b1880/swe-SE/866061d5768717f2d08a6b1bf96fd534.php]
[ Jan 27 2015 13:12:35 ] [var/ezdemo_site/cache/translation/116c467d302d69cc1951896fc44b1880/swe-SE/03b93701997358cbb17cc2014e7a11de.php]
[ Jan 27 2015 13:12:35 ] [var/ezdemo_site/cache/translation/116c467d302d69cc1951896fc44b1880/swe-SE/eb34cb441e089dae779efb0a5f2ddaa1.php]
[ Jan 27 2015 13:12:35 ] [var/ezdemo_site/cache/translation/116c467d302d69cc1951896fc44b1880/swe-SE/ceb49f5ab60ba9af93c2428dbaf72c7f.php]
[ Jan 27 2015 13:12:35 ] [var/ezdemo_site/cache/translation/116c467d302d69cc1951896fc44b1880/swe-SE/01d6acf7f48565a2a56880b7c1ddecaf.php]
[ Jan 27 2015 13:12:35 ] [var/ezdemo_site/cache/translation/116c467d302d69cc1951896fc44b1880/swe-SE/4a0a512292717f44b982aa84a584a28f.php]
[ Jan 27 2015 13:12:35 ] [var/ezdemo_site/cache/translation/116c467d302d69cc1951896fc44b1880/swe-SE/8962bcbab0bc7520a2bdfaa646bb756a.php]
[ Jan 27 2015 13:12:35 ] [var/ezdemo_site/cache/translation/116c467d302d69cc1951896fc44b1880/swe-SE/e3e33c8031d797741fb3085b9595230c.php]
[ Jan 27 2015 13:12:35 ] [var/ezdemo_site/cache/translation/116c467d302d69cc1951896fc44b1880/swe-SE/6ab5f5e0326790c502baa0bb0771bea6.php]
[ Jan 27 2015 13:12:35 ] [var/ezdemo_site/cache/translation/116c467d302d69cc1951896fc44b1880/swe-SE/e4f83dd202f97b25a204a833dcc2d389.php]
[ Jan 27 2015 13:12:35 ] [var/ezdemo_site/cache/translation/116c467d302d69cc1951896fc44b1880/swe-SE/d7b0e907b7c96934caf3707bd851e74d.php]
[ Jan 27 2015 13:12:35 ] [var/ezdemo_site/cache/translation/116c467d302d69cc1951896fc44b1880/swe-SE/bf0475059af2e56065a143c052e1400d.php]
[ Jan 27 2015 13:12:35 ] [var/ezdemo_site/cache/translation/116c467d302d69cc1951896fc44b1880/swe-SE/10a22d511ea03ee84ab1b696b794c15c.php]
[ Jan 27 2015 13:12:35 ] [var/ezdemo_site/cache/translation/116c467d302d69cc1951896fc44b1880/swe-SE/f2a5dc58406e4a041c7676b921a1ca92.php]
[ Jan 27 2015 13:12:35 ] [var/ezdemo_site/cache/translation/116c467d302d69cc1951896fc44b1880/swe-SE/e90c75ebc1e54c68d611a96ea141c80e.php]
[ Jan 27 2015 13:12:35 ] [var/ezdemo_site/cache/translation/116c467d302d69cc1951896fc44b1880/swe-SE/230b0f392c5b506df93480cff3ce021d.php]
[ Jan 27 2015 13:12:35 ] [var/ezdemo_site/cache/translation/116c467d302d69cc1951896fc44b1880/swe-SE/4fcdc576390a100ab4c73d7d65ccf232.php]
[ Jan 27 2015 13:12:35 ] [var/ezdemo_site/cache/translation/116c467d302d69cc1951896fc44b1880/swe-SE/8191ee2c6d9b4aa4c508ffbe19b90b67.php]
[ Jan 27 2015 13:12:35 ] [var/ezdemo_site/cache/translation/116c467d302d69cc1951896fc44b1880/swe-SE/567f9d14bb6e18fbba9d06ad5588b8b6.php]
[ Jan 27 2015 13:12:35 ] [var/ezdemo_site/cache/translation/116c467d302d69cc1951896fc44b1880/swe-SE/4fb1ad375a273452af0b423d44793bb3.php]
[ Jan 27 2015 13:12:35 ] [var/ezdemo_site/cache/translation/116c467d302d69cc1951896fc44b1880/swe-SE/73acdfc1bb28ae2b9fc5cd93e60936ad.php]
[ Jan 27 2015 13:12:35 ] [var/ezdemo_site/cache/translation/116c467d302d69cc1951896fc44b1880/swe-SE/9ed63952e8e63457b3cb15de8d9f746a.php]
[ Jan 27 2015 13:12:35 ] [var/ezdemo_site/cache/translation/116c467d302d69cc1951896fc44b1880/swe-SE/cf7cc4916832234a4a8391ff73e2ac44.php]
[ Jan 27 2015 13:12:35 ] [var/ezdemo_site/cache/translation/116c467d302d69cc1951896fc44b1880/swe-SE/fc69687a6ff04f2f429ba47d7767f8f4.php]
[ Jan 27 2015 13:12:35 ] [var/ezdemo_site/cache/translation/116c467d302d69cc1951896fc44b1880/swe-SE/6ee82949341c954c86f84298969b871f.php]
[ Jan 27 2015 13:12:35 ] [var/ezdemo_site/cache/translation/116c467d302d69cc1951896fc44b1880/swe-SE/254fb8a20c76bf196d3cdfbe626bcf43.php]
[ Jan 27 2015 13:12:35 ] [var/ezdemo_site/cache/translation/116c467d302d69cc1951896fc44b1880/swe-SE/cafbceea2b3ac7102bfc1093df585bcd.php]
[ Jan 27 2015 13:12:35 ] [var/ezdemo_site/cache/translation/116c467d302d69cc1951896fc44b1880/swe-SE/7b8dc971219e86d12dd709a4310a65e2.php]
[ Jan 27 2015 13:12:35 ] [var/ezdemo_site/cache/translation/116c467d302d69cc1951896fc44b1880/swe-SE/ae5630094d354c873a9843db904aaca5.php]
[ Jan 27 2015 13:12:35 ] [var/ezdemo_site/cache/translation/116c467d302d69cc1951896fc44b1880/swe-SE/740b02d763cc6692d7f129882e795924.php]
[ Jan 27 2015 13:12:35 ] [var/ezdemo_site/cache/translation/116c467d302d69cc1951896fc44b1880/swe-SE/ca477281960a0abf6238836388def25a.php]
[ Jan 27 2015 13:12:35 ] [var/ezdemo_site/cache/translation/116c467d302d69cc1951896fc44b1880/swe-SE/900a6168b18da700caa995733022fe62.php]
[ Jan 27 2015 13:12:35 ] [var/ezdemo_site/cache/translation/116c467d302d69cc1951896fc44b1880/swe-SE/3624580305391386a9333c0aeb2b093b.php]
[ Jan 27 2015 13:12:35 ] [var/ezdemo_site/cache/translation/116c467d302d69cc1951896fc44b1880/swe-SE/52bbb259580da45b4ce4a184c03185db.php]
[ Jan 27 2015 13:12:35 ] [var/ezdemo_site/cache/translation/116c467d302d69cc1951896fc44b1880/swe-SE/b304d78d4534c4a301dd89c8caa36a91.php]
[ Jan 27 2015 13:12:35 ] [var/ezdemo_site/cache/translation/116c467d302d69cc1951896fc44b1880/swe-SE/de3ab67e8609d595e44348376ae18313.php]
[ Jan 27 2015 13:12:35 ] [var/ezdemo_site/cache/translation/116c467d302d69cc1951896fc44b1880/swe-SE/badd2226496c7f5093676d8285ae9f26.php]
[ Jan 27 2015 13:12:35 ] [var/ezdemo_site/cache/translation/116c467d302d69cc1951896fc44b1880/swe-SE/95f9f8fddcadad4d9014b49e2ebf8dee.php]
[ Jan 27 2015 13:12:35 ] [var/ezdemo_site/cache/translation/116c467d302d69cc1951896fc44b1880/swe-SE/81dbd484e0054f625464b6d7f39bdec0.php]
[ Jan 27 2015 13:12:35 ] [var/ezdemo_site/cache/translation/116c467d302d69cc1951896fc44b1880/swe-SE/69c19e133b241fd16c50eaf3e6754c0c.php]
[ Jan 27 2015 13:12:35 ] [var/ezdemo_site/cache/translation/116c467d302d69cc1951896fc44b1880/swe-SE/13430d563bb12e87caf4e889b0ed5c6d.php]
[ Jan 27 2015 13:12:35 ] [var/ezdemo_site/cache/translation/116c467d302d69cc1951896fc44b1880/swe-SE/b873a59de536a54cc462067c2d095d3b.php]
[ Jan 27 2015 13:12:35 ] [var/ezdemo_site/cache/translation/116c467d302d69cc1951896fc44b1880/swe-SE/27256f953ffe50fd579ec13d8bbf3d5a.php]
[ Jan 27 2015 13:12:35 ] [var/ezdemo_site/cache/translation/116c467d302d69cc1951896fc44b1880/swe-SE/485e0d90a6bf35369fa67d395035f27e.php]
[ Jan 27 2015 13:12:35 ] [var/ezdemo_site/cache/translation/116c467d302d69cc1951896fc44b1880/swe-SE/0198d8cfe975671565c8ced6fca5a574.php]
[ Jan 27 2015 13:12:35 ] [var/ezdemo_site/cache/translation/116c467d302d69cc1951896fc44b1880/swe-SE/95f5de6d27265d9fe91a0c516f3ba12c.php]
[ Jan 27 2015 13:12:35 ] [var/ezdemo_site/cache/translation/116c467d302d69cc1951896fc44b1880/swe-SE/b0651e3c4cc7e5d095da736ed47f4768.php]
[ Jan 27 2015 13:12:35 ] [var/ezdemo_site/cache/translation/116c467d302d69cc1951896fc44b1880/swe-SE/37ff61c34c115368c05ab58fc0b12e10.php]
[ Jan 27 2015 13:12:35 ] [var/ezdemo_site/cache/translation/116c467d302d69cc1951896fc44b1880/swe-SE/b0e18f3b1e70b58415518bf6036a61b6.php]
[ Jan 27 2015 13:12:35 ] [var/ezdemo_site/cache/translation/116c467d302d69cc1951896fc44b1880/swe-SE/90c95742aef7eea870888808cdefda6e.php]
[ Jan 27 2015 13:12:35 ] [var/ezdemo_site/cache/translation/116c467d302d69cc1951896fc44b1880/swe-SE/a01a8324a22d9d3504fb461c4d25da15.php]
[ Jan 27 2015 13:12:35 ] [var/ezdemo_site/cache/translation/116c467d302d69cc1951896fc44b1880/swe-SE/693bac62532b23c8178350bbfda1e59b.php]
[ Jan 27 2015 13:12:35 ] [var/ezdemo_site/cache/translation/116c467d302d69cc1951896fc44b1880/swe-SE/178946974e4a8f67469885c183b6cbf6.php]
[ Jan 27 2015 13:12:35 ] [var/ezdemo_site/cache/translation/116c467d302d69cc1951896fc44b1880/swe-SE/5151236d51921f836f9595214c38b12d.php]
[ Jan 27 2015 13:12:35 ] [var/ezdemo_site/cache/translation/116c467d302d69cc1951896fc44b1880/swe-SE/faf4143dbaf7caf6a95db7caf9f91805.php]
[ Jan 27 2015 13:12:35 ] [var/ezdemo_site/cache/translation/116c467d302d69cc1951896fc44b1880/swe-SE/261a6d14b57a018451aaeb426b3057ce.php]
[ Jan 27 2015 13:12:35 ] [var/ezdemo_site/cache/translation/116c467d302d69cc1951896fc44b1880/swe-SE/d5dbbbaf9a20fa148456c1d74f798f5f.php]
[ Jan 27 2015 13:12:35 ] [var/ezdemo_site/cache/translation/116c467d302d69cc1951896fc44b1880/swe-SE/d215dd3c1e3bc1360c06e7e6bfb995c5.php]
[ Jan 27 2015 13:12:35 ] [var/ezdemo_site/cache/translation/116c467d302d69cc1951896fc44b1880/swe-SE/4ca436bb69eecab7876fcdb7075da69f.php]
[ Jan 27 2015 13:12:35 ] [var/ezdemo_site/cache/translation/116c467d302d69cc1951896fc44b1880/swe-SE/6a4abbeaa22c6bf219c7a6dd29358d76.php]
[ Jan 27 2015 13:12:35 ] [var/ezdemo_site/cache/translation/116c467d302d69cc1951896fc44b1880/swe-SE/0435e7326b5515e9a7d4067b44af2422.php]
[ Jan 27 2015 13:12:35 ] [var/ezdemo_site/cache/translation/116c467d302d69cc1951896fc44b1880/swe-SE/652485fe3d072480f25a340406991180.php]
[ Jan 27 2015 13:12:35 ] [var/ezdemo_site/cache/translation/116c467d302d69cc1951896fc44b1880/swe-SE/e25bf97d979890b799362693249d984f.php]
[ Jan 27 2015 13:12:35 ] [var/ezdemo_site/cache/translation/116c467d302d69cc1951896fc44b1880/swe-SE/24fa9dbcb4de0dabf7e0e318a965949f.php]
[ Jan 27 2015 13:12:35 ] [var/ezdemo_site/cache/translation/116c467d302d69cc1951896fc44b1880/swe-SE/59a65041a7f134c5b7fce487e2768a28.php]
[ Jan 27 2015 13:12:35 ] [var/ezdemo_site/cache/translation/116c467d302d69cc1951896fc44b1880/swe-SE/00707c9b3a97ef5aebdb49edd6ed1bbc.php]
[ Jan 27 2015 13:12:35 ] [var/ezdemo_site/cache/translation/116c467d302d69cc1951896fc44b1880/swe-SE/55ff6524f6bf3b2fe6c96eaaf4e6338c.php]
[ Jan 27 2015 13:12:35 ] [var/ezdemo_site/cache/translation/116c467d302d69cc1951896fc44b1880/swe-SE/f885271c5ca0373759c4d046ce5424cf.php]
[ Jan 27 2015 13:12:35 ] [var/ezdemo_site/cache/translation/116c467d302d69cc1951896fc44b1880/swe-SE/34c2fa61bee0805271f129a0ec7ae2cd.php]
[ Jan 27 2015 13:12:35 ] [var/ezdemo_site/cache/translation/116c467d302d69cc1951896fc44b1880/swe-SE/18fc45fb194d71b8aa0f8a3c35601257.php]
[ Jan 27 2015 13:12:35 ] [var/ezdemo_site/cache/translation/116c467d302d69cc1951896fc44b1880/swe-SE/c92330fa37c82c671b9c3ce75fcc9550.php]
[ Jan 27 2015 13:12:35 ] [var/ezdemo_site/cache/translation/116c467d302d69cc1951896fc44b1880/swe-SE/07f5782e0ccfb1cdb65b4da8faac204b.php]
[ Jan 27 2015 13:12:35 ] [var/ezdemo_site/cache/translation/116c467d302d69cc1951896fc44b1880/swe-SE/8d56c63fe0451888626f6159c887219d.php]
[ Jan 27 2015 13:12:35 ] [var/ezdemo_site/cache/translation/116c467d302d69cc1951896fc44b1880/swe-SE/7f2dd4ed77fd0e861e9312f3b7838df8.php]
[ Jan 27 2015 13:12:35 ] [var/ezdemo_site/cache/translation/116c467d302d69cc1951896fc44b1880/swe-SE/4230bd449291fd8a50b0e50f39313ba8.php]
[ Jan 27 2015 13:12:35 ] [var/ezdemo_site/cache/translation/116c467d302d69cc1951896fc44b1880/swe-SE/07061efe66be9a3688a315b6e4f71fd8.php]
[ Jan 27 2015 13:12:35 ] [var/ezdemo_site/cache/translation/116c467d302d69cc1951896fc44b1880/swe-SE/d35ad9a6e9ecafd1f1c43d03788a08d2.php]
[ Jan 27 2015 13:12:35 ] [var/ezdemo_site/cache/translation/116c467d302d69cc1951896fc44b1880/swe-SE/a0031350975237bb56c5c1d4b1f1994c.php]
[ Jan 27 2015 13:12:35 ] [var/ezdemo_site/cache/translation/116c467d302d69cc1951896fc44b1880/swe-SE/715915cf2858609633247e4c79f7227e.php]
[ Jan 27 2015 13:12:35 ] [var/ezdemo_site/cache/translation/116c467d302d69cc1951896fc44b1880/swe-SE/fcf6cac23fe50585d3796b415445c27d.php]
[ Jan 27 2015 13:12:35 ] [var/ezdemo_site/cache/translation/116c467d302d69cc1951896fc44b1880/swe-SE/a43a1f1f3bada272885e7fe15b771dd0.php]
[ Jan 27 2015 13:12:35 ] [var/ezdemo_site/cache/translation/116c467d302d69cc1951896fc44b1880/swe-SE/b846297f6fb31525c3d088e8bc6262b3.php]
[ Jan 27 2015 13:12:35 ] [var/ezdemo_site/cache/translation/116c467d302d69cc1951896fc44b1880/swe-SE/5693be771e79c6a7c9194365d3c11151.php]
[ Jan 27 2015 13:12:35 ] [var/ezdemo_site/cache/translation/116c467d302d69cc1951896fc44b1880/swe-SE/b153b367e8389d105bbfd8eaa19ad369.php]
[ Jan 27 2015 13:12:35 ] [var/ezdemo_site/cache/translation/116c467d302d69cc1951896fc44b1880/swe-SE/92f896de4fe64660d4751c3a045c3a09.php]
[ Jan 27 2015 13:12:35 ] [var/ezdemo_site/cache/translation/116c467d302d69cc1951896fc44b1880/swe-SE/64180a9d21388beef011f677467318ad.php]
[ Jan 27 2015 13:12:35 ] [var/ezdemo_site/cache/translation/116c467d302d69cc1951896fc44b1880/swe-SE/fa434a218266a7278649327f40a63f37.php]
[ Jan 27 2015 13:12:35 ] [var/ezdemo_site/cache/translation/116c467d302d69cc1951896fc44b1880/swe-SE/d326a6ce4b28e69f8baeaf6e3149654a.php]
[ Jan 27 2015 13:12:35 ] [var/ezdemo_site/cache/translation/116c467d302d69cc1951896fc44b1880/swe-SE/1a83e680732f6d1b86fd03b9ffb14503.php]
[ Jan 27 2015 13:12:35 ] [var/ezdemo_site/cache/translation/116c467d302d69cc1951896fc44b1880/swe-SE/f2eb9db40d94643ee0a9bbb384b3ac6e.php]
[ Jan 27 2015 13:12:35 ] [var/ezdemo_site/cache/translation/116c467d302d69cc1951896fc44b1880/swe-SE/c2655ebcdc085425c1f4647a07456bbe.php]
[ Jan 27 2015 13:12:35 ] [var/ezdemo_site/cache/translation/116c467d302d69cc1951896fc44b1880/swe-SE/747f9374dac02373734854b245e66484.php]
[ Jan 27 2015 13:12:35 ] [var/ezdemo_site/cache/translation/116c467d302d69cc1951896fc44b1880/swe-SE/d3ce80a76ac0d1ba31ddbf3f7b4ff68b.php]
[ Jan 27 2015 13:12:35 ] [var/ezdemo_site/cache/translation/116c467d302d69cc1951896fc44b1880/swe-SE/36c053330fad2c6274987ab4c16885f4.php]
[ Jan 27 2015 13:12:35 ] [var/ezdemo_site/cache/translation/116c467d302d69cc1951896fc44b1880/swe-SE/f4b0c15d13d8d8d5a2a4c825f4afe18a.php]
[ Jan 27 2015 13:12:35 ] [var/ezdemo_site/cache/translation/116c467d302d69cc1951896fc44b1880/swe-SE/40fa1a9506ec30ae6efd663447623c77.php]
[ Jan 27 2015 13:12:35 ] [var/ezdemo_site/cache/translation/116c467d302d69cc1951896fc44b1880/swe-SE/5321a4fb737d4b2263a2b1e30aae7c2e.php]
[ Jan 27 2015 13:12:35 ] [var/ezdemo_site/cache/translation/116c467d302d69cc1951896fc44b1880/swe-SE/3191bf03e069b076c8e3c0721c284b6f.php]
[ Jan 27 2015 13:12:35 ] [var/ezdemo_site/cache/translation/116c467d302d69cc1951896fc44b1880/swe-SE/46df075224d1e97248111d7d08e5db29.php]
[ Jan 27 2015 13:12:35 ] [var/ezdemo_site/cache/translation/116c467d302d69cc1951896fc44b1880/swe-SE/28fd0c897ead51dd711dbf67bab11ac3.php]
[ Jan 27 2015 13:12:35 ] [var/ezdemo_site/cache/translation/116c467d302d69cc1951896fc44b1880/swe-SE/2a00eea55b29552e9b7c608e379415c7.php]
[ Jan 27 2015 13:12:35 ] [var/ezdemo_site/cache/translation/116c467d302d69cc1951896fc44b1880/swe-SE/93fe76131a626159aa3ee8c0fcb1337b.php]
[ Jan 27 2015 13:12:35 ] [var/ezdemo_site/cache/translation/116c467d302d69cc1951896fc44b1880/swe-SE/ae61654a29460e7ac090e739e94349a5.php]
[ Jan 27 2015 13:12:35 ] [var/ezdemo_site/cache/translation/116c467d302d69cc1951896fc44b1880/swe-SE/1cec11db60f5f2852a50e2d1f3675bb6.php]
[ Jan 27 2015 13:12:35 ] [var/ezdemo_site/cache/translation/116c467d302d69cc1951896fc44b1880/swe-SE/81c61c2248deb2ab3b181ac776ff8ad4.php]
[ Jan 27 2015 13:12:35 ] [var/ezdemo_site/cache/translation/116c467d302d69cc1951896fc44b1880/swe-SE/d2fc072f6f72aa87ba9d31cf923827a7.php]
[ Jan 27 2015 13:12:35 ] [var/ezdemo_site/cache/translation/116c467d302d69cc1951896fc44b1880/swe-SE/d02df23ea679d58f5e633b7f0ab5fbb0.php]
[ Jan 27 2015 13:12:35 ] [var/ezdemo_site/cache/translation/116c467d302d69cc1951896fc44b1880/swe-SE/743d81b64c6182aa1474905504836999.php]
[ Jan 27 2015 13:12:35 ] [var/ezdemo_site/cache/translation/116c467d302d69cc1951896fc44b1880/swe-SE/12026b252f02dd6049d912a6ffd3f892.php]
[ Jan 27 2015 13:12:35 ] [var/ezdemo_site/cache/translation/116c467d302d69cc1951896fc44b1880/swe-SE/2d15316025fc6a40530beac5192f2c02.php]
[ Jan 27 2015 13:12:35 ] [var/ezdemo_site/cache/translation/116c467d302d69cc1951896fc44b1880/swe-SE/29b91fcd9e4e04e90d58ea2301912a26.php]
[ Jan 27 2015 13:12:35 ] [var/ezdemo_site/cache/translation/116c467d302d69cc1951896fc44b1880/swe-SE/ebbe89c25099072e4ce620e73dc63b04.php]
[ Jan 27 2015 13:12:35 ] [var/ezdemo_site/cache/translation/116c467d302d69cc1951896fc44b1880/swe-SE/ad6930be9b118b5ebd71c1af40ba2685.php]
[ Jan 27 2015 13:12:35 ] [var/ezdemo_site/cache/translation/116c467d302d69cc1951896fc44b1880/swe-SE/d87a6d479c151633a8fd7cec9d4bc47b.php]
[ Jan 27 2015 13:12:35 ] [var/ezdemo_site/cache/translation/116c467d302d69cc1951896fc44b1880/swe-SE/e35f191f657f7d1ed1c6e67f9a7ad1b4.php]
[ Jan 27 2015 13:12:35 ] [var/ezdemo_site/cache/translation/116c467d302d69cc1951896fc44b1880/swe-SE/0207849ba6493ceb81ebb0e2a7dbeee6.php]
[ Jan 27 2015 13:12:35 ] [var/ezdemo_site/cache/translation/116c467d302d69cc1951896fc44b1880/swe-SE/a23c7942bfc19edcda93e932450c15da.php]
[ Jan 27 2015 13:12:35 ] [var/ezdemo_site/cache/translation/116c467d302d69cc1951896fc44b1880/swe-SE/6b34876a11510e2e24e36057611f10a6.php]
[ Jan 27 2015 13:12:35 ] [var/ezdemo_site/cache/translation/116c467d302d69cc1951896fc44b1880/swe-SE/6e3a179931b514c70129018007f5023e.php]
[ Jan 27 2015 13:12:35 ] [var/ezdemo_site/cache/translation/116c467d302d69cc1951896fc44b1880/swe-SE/cd4d3b7c1ed9ad09b08148a79b67020b.php]
[ Jan 27 2015 13:12:35 ] [var/ezdemo_site/cache/translation/116c467d302d69cc1951896fc44b1880/swe-SE/a77bbd05c87ae99a207fa3708c16a80c.php]
[ Jan 27 2015 13:12:35 ] [var/ezdemo_site/cache/translation/116c467d302d69cc1951896fc44b1880/swe-SE/3bc69467cbdb372902370844800e8064.php]
[ Jan 27 2015 13:12:35 ] [var/ezdemo_site/cache/translation/116c467d302d69cc1951896fc44b1880/swe-SE/1cf4520dff524889d0f5cc8ac219d0d1.php]
[ Jan 27 2015 13:12:35 ] [var/ezdemo_site/cache/translation/116c467d302d69cc1951896fc44b1880/swe-SE/5fb194fe49ce0c205c10b1b2669b45d2.php]
[ Jan 27 2015 13:12:35 ] [var/ezdemo_site/cache/translation/116c467d302d69cc1951896fc44b1880/swe-SE/d8da37ba2022fb0569edc87ebbcd0fcd.php]
[ Jan 27 2015 13:12:35 ] [var/ezdemo_site/cache/translation/116c467d302d69cc1951896fc44b1880/swe-SE/b4af1deb35df99966ba615370d20df69.php]
[ Jan 27 2015 13:12:35 ] [var/ezdemo_site/cache/translation/116c467d302d69cc1951896fc44b1880/swe-SE/5baac6e36d2d510b84ffa965bc0e5c1d.php]
[ Jan 27 2015 13:12:35 ] [var/ezdemo_site/cache/translation/116c467d302d69cc1951896fc44b1880/swe-SE/dcd80b2f6dbe4f4452f0369e50e42975.php]
[ Jan 27 2015 13:12:35 ] [var/ezdemo_site/cache/translation/116c467d302d69cc1951896fc44b1880/swe-SE/c554081202f0522579df876fea3e245b.php]
[ Jan 27 2015 13:12:35 ] [var/ezdemo_site/cache/translation/116c467d302d69cc1951896fc44b1880/swe-SE/6e95492a572c3908e89deb3284c8462b.php]
[ Jan 27 2015 13:12:35 ] [var/ezdemo_site/cache/translation/116c467d302d69cc1951896fc44b1880/swe-SE/481518f51cf0e13018409763ff550145.php]
[ Jan 27 2015 13:12:35 ] [var/ezdemo_site/cache/translation/116c467d302d69cc1951896fc44b1880/swe-SE/8efd58eb43aa9bb0803848b7d2fe5c4d.php]
[ Jan 27 2015 13:12:35 ] [var/ezdemo_site/cache/translation/116c467d302d69cc1951896fc44b1880/swe-SE/743f115108f5ce905c7654de8c68d674.php]
[ Jan 27 2015 13:12:35 ] [var/ezdemo_site/cache/translation/116c467d302d69cc1951896fc44b1880/swe-SE/22fd50d21a117857dbcd6f90e51d837e.php]
[ Jan 27 2015 13:12:35 ] [var/ezdemo_site/cache/translation/116c467d302d69cc1951896fc44b1880/swe-SE/177522eb954ec2bb5b0cba60f6e92d02.php]
[ Jan 27 2015 13:12:35 ] [var/ezdemo_site/cache/translation/116c467d302d69cc1951896fc44b1880/swe-SE/8a268836a9a459c4895ee7ed7e23b894.php]
[ Jan 27 2015 13:12:35 ] [var/ezdemo_site/cache/translation/116c467d302d69cc1951896fc44b1880/swe-SE/ea5a8f932dd8df3d8023294c3a76030c.php]
[ Jan 27 2015 13:12:35 ] [var/ezdemo_site/cache/translation/116c467d302d69cc1951896fc44b1880/swe-SE/526a4b123d629561b7e4b00cf2d80405.php]
[ Jan 27 2015 13:12:35 ] [var/ezdemo_site/cache/translation/116c467d302d69cc1951896fc44b1880/swe-SE/650cac5072b62d063380e8a8cf627d59.php]
[ Jan 27 2015 13:12:35 ] [var/ezdemo_site/cache/translation/116c467d302d69cc1951896fc44b1880/swe-SE/7b5bf46247965b296929746478b2d27b.php]
[ Jan 27 2015 13:12:35 ] [var/ezdemo_site/cache/translation/116c467d302d69cc1951896fc44b1880/swe-SE/b12a4da1818f8abf9575a238a1c1799f.php]
[ Jan 27 2015 13:12:35 ] [var/ezdemo_site/cache/translation/116c467d302d69cc1951896fc44b1880/swe-SE/ee5545387875ecefdec3bb3f6305f06f.php]
[ Jan 27 2015 13:12:35 ] [var/ezdemo_site/cache/translation/116c467d302d69cc1951896fc44b1880/swe-SE/033ec8c971040b05a246708bf7a47415.php]
[ Jan 27 2015 13:12:35 ] [var/ezdemo_site/cache/translation/116c467d302d69cc1951896fc44b1880/swe-SE/f661ef919dfee1e1a8a3f3de22f983f3.php]
[ Jan 27 2015 13:12:35 ] [var/ezdemo_site/cache/translation/116c467d302d69cc1951896fc44b1880/swe-SE/92f3f903fd04db30616b9ee883f7c2f3.php]
[ Jan 27 2015 13:12:35 ] [var/ezdemo_site/cache/translation/116c467d302d69cc1951896fc44b1880/swe-SE/16adb3c916e4559a8270c7d64b5f049a.php]
[ Jan 27 2015 13:12:35 ] [var/ezdemo_site/cache/translation/116c467d302d69cc1951896fc44b1880/swe-SE/60a5f9cd25662ebce6e55404d1374f5a.php]
[ Jan 27 2015 13:12:35 ] [var/ezdemo_site/cache/translation/116c467d302d69cc1951896fc44b1880/swe-SE/74c68f8e7127d464640041d728f040f8.php]
[ Jan 27 2015 13:12:35 ] [var/ezdemo_site/cache/translation/116c467d302d69cc1951896fc44b1880/swe-SE/e2fea269517a000be3c7abeecbbb1e23.php]
[ Jan 27 2015 13:12:35 ] [var/ezdemo_site/cache/translation/116c467d302d69cc1951896fc44b1880/swe-SE/83ccfb42f55d20d73e4b576235217b58.php]
[ Jan 27 2015 13:12:35 ] [var/ezdemo_site/cache/translation/116c467d302d69cc1951896fc44b1880/swe-SE/048b15d8d1cf30ade58f1edc10606faa.php]
[ Jan 27 2015 13:12:35 ] [var/ezdemo_site/cache/translation/116c467d302d69cc1951896fc44b1880/swe-SE/fe8cc2f15d294876360d0660edb166c0.php]
[ Jan 27 2015 13:12:35 ] [var/ezdemo_site/cache/translation/116c467d302d69cc1951896fc44b1880/swe-SE/b669b82fa86c89ba0347702fbbcaa1ea.php]
[ Jan 27 2015 13:12:35 ] [var/ezdemo_site/cache/translation/116c467d302d69cc1951896fc44b1880/swe-SE/682b2b3204265eea92517398b529a718.php]
[ Jan 27 2015 13:12:35 ] [var/ezdemo_site/cache/translation/116c467d302d69cc1951896fc44b1880/swe-SE/5e553697f413de979176a63999c5b332.php]
[ Jan 27 2015 13:12:35 ] [var/ezdemo_site/cache/translation/116c467d302d69cc1951896fc44b1880/swe-SE/98e3341484d56862bf3008d746a41bec.php]
[ Jan 27 2015 13:12:35 ] [var/ezdemo_site/cache/translation/116c467d302d69cc1951896fc44b1880/swe-SE/c7ba62f179216b5dfc1053f40b90705e.php]
[ Jan 27 2015 13:12:35 ] [var/ezdemo_site/cache/translation/116c467d302d69cc1951896fc44b1880/swe-SE/840e4514c037f115f9209d5accc32c91.php]
[ Jan 27 2015 13:12:35 ] [var/ezdemo_site/cache/translation/116c467d302d69cc1951896fc44b1880/swe-SE/e5874e38916f291d5a4dbdaf383f8e16.php]
[ Jan 27 2015 13:12:35 ] [var/ezdemo_site/cache/translation/116c467d302d69cc1951896fc44b1880/swe-SE/fc87099ba273382d9d9d6e02e8636aa1.php]
[ Jan 27 2015 13:12:35 ] [var/ezdemo_site/cache/translation/116c467d302d69cc1951896fc44b1880/swe-SE/d692a74b82f5026cca0043ce20fe8b50.php]
[ Jan 27 2015 13:12:35 ] [var/ezdemo_site/cache/translation/116c467d302d69cc1951896fc44b1880/swe-SE/d59cedbd16ba4f2363ebbbffe4c62d9d.php]
[ Jan 27 2015 13:12:35 ] [var/ezdemo_site/cache/translation/116c467d302d69cc1951896fc44b1880/swe-SE/48cefbb85dea544796f3d2d30d3a6b91.php]
[ Jan 27 2015 13:12:35 ] [var/ezdemo_site/cache/translation/116c467d302d69cc1951896fc44b1880/swe-SE/810f8d0b896a58b6fbb348bf454dfeb1.php]
[ Jan 27 2015 13:12:35 ] [var/ezdemo_site/cache/translation/116c467d302d69cc1951896fc44b1880/swe-SE/58a6bff932c3c0c7ddec18ce6d558c55.php]
[ Jan 27 2015 13:12:35 ] [var/ezdemo_site/cache/translation/116c467d302d69cc1951896fc44b1880/swe-SE/4eaa925ca36d9109dcaaccb83e382d6c.php]
[ Jan 27 2015 13:12:35 ] [var/ezdemo_site/cache/translation/116c467d302d69cc1951896fc44b1880/swe-SE/034c207b087d544420d0c483b5db8eff.php]
[ Jan 27 2015 13:12:35 ] [var/ezdemo_site/cache/translation/116c467d302d69cc1951896fc44b1880/swe-SE/0b47c6fee8319051bd83acad4e7dcdcf.php]
[ Jan 27 2015 13:12:35 ] [var/ezdemo_site/cache/translation/116c467d302d69cc1951896fc44b1880/swe-SE/ace534c59e555cb5949cdc86d2630fd1.php]
[ Jan 27 2015 13:12:35 ] [var/ezdemo_site/cache/translation/116c467d302d69cc1951896fc44b1880/swe-SE/619458079c323c13dcd395bbbb892ca6.php]
[ Jan 27 2015 13:12:35 ] [var/ezdemo_site/cache/translation/116c467d302d69cc1951896fc44b1880/swe-SE/0bdbe183617b5b67947655b8ea75244a.php]
[ Jan 27 2015 13:12:35 ] [var/ezdemo_site/cache/translation/116c467d302d69cc1951896fc44b1880/swe-SE/dc90220fe89ccc717279a1feba7dc781.php]
[ Jan 27 2015 13:12:35 ] [var/ezdemo_site/cache/translation/116c467d302d69cc1951896fc44b1880/swe-SE/3861653a22a2ef9d0d222ee8e91bb363.php]
[ Jan 27 2015 13:12:35 ] [var/ezdemo_site/cache/translation/116c467d302d69cc1951896fc44b1880/swe-SE/5b945d8b827fbf4e1fe5e2488b8e72f6.php]
[ Jan 27 2015 13:12:35 ] [var/ezdemo_site/cache/translation/116c467d302d69cc1951896fc44b1880/swe-SE/e412e04edad8274589282bd72c95c6f3.php]
[ Jan 27 2015 13:12:35 ] [var/ezdemo_site/cache/translation/116c467d302d69cc1951896fc44b1880/swe-SE/d964ce325cf8cf9496dc695a88aa84af.php]
[ Jan 27 2015 13:12:35 ] [var/ezdemo_site/cache/translation/116c467d302d69cc1951896fc44b1880/swe-SE/211cfb0a2c1a71279285aee1a6db4227.php]
[ Jan 27 2015 13:12:35 ] [var/ezdemo_site/cache/translation/116c467d302d69cc1951896fc44b1880/swe-SE/73da978a57ce4180d352b6ed58c682c5.php]
[ Jan 27 2015 13:12:35 ] [var/ezdemo_site/cache/translation/116c467d302d69cc1951896fc44b1880/swe-SE/ca1755d2da2d81c05e51e4c05e4a2898.php]
[ Jan 27 2015 13:12:35 ] [var/ezdemo_site/cache/translation/116c467d302d69cc1951896fc44b1880/swe-SE/a57ab51824d3854881dc6fcc397137e2.php]
[ Jan 27 2015 13:12:35 ] [var/ezdemo_site/cache/translation/116c467d302d69cc1951896fc44b1880/swe-SE/4a678a8a2143f0e862904afe0d320d4f.php]
[ Jan 27 2015 13:12:35 ] [var/ezdemo_site/cache/translation/116c467d302d69cc1951896fc44b1880/swe-SE/966c617fe01b53ebd33538c488a290c2.php]
[ Jan 27 2015 13:12:35 ] [var/ezdemo_site/cache/translation/116c467d302d69cc1951896fc44b1880/swe-SE/3219f1692caaa8c877d255ede6e0ac58.php]
[ Jan 27 2015 13:12:35 ] [var/ezdemo_site/cache/translation/116c467d302d69cc1951896fc44b1880/swe-SE/a887d8dbc4764e7924e30ddc1f0985bc.php]
[ Jan 27 2015 13:12:35 ] [var/ezdemo_site/cache/translation/116c467d302d69cc1951896fc44b1880/swe-SE/f092443abe14802c7947fb020512fa4a.php]
[ Jan 27 2015 13:12:35 ] [var/ezdemo_site/cache/translation/116c467d302d69cc1951896fc44b1880/swe-SE/5a6417f38e80896f8f76a263c5edf518.php]
[ Jan 27 2015 13:12:35 ] [var/ezdemo_site/cache/translation/116c467d302d69cc1951896fc44b1880/swe-SE/51e83e33bfcdbe9a9c42704adf4d7a5b.php]
[ Jan 27 2015 13:12:35 ] [var/ezdemo_site/cache/translation/116c467d302d69cc1951896fc44b1880/swe-SE/4813b4ee534f379bdda4aaca6af3a45c.php]
[ Jan 27 2015 13:12:35 ] [var/ezdemo_site/cache/translation/116c467d302d69cc1951896fc44b1880/swe-SE/ed8d2c84bf0c51b51c261a84f3383137.php]
[ Jan 27 2015 13:12:35 ] [var/ezdemo_site/cache/translation/116c467d302d69cc1951896fc44b1880/swe-SE/1c5982ac18b9ac86df25eb83747139c6.php]
[ Jan 27 2015 13:12:35 ] [var/ezdemo_site/cache/translation/116c467d302d69cc1951896fc44b1880/swe-SE/62e939e363309f3534dfce17c0589e64.php]
[ Jan 27 2015 13:12:35 ] [var/ezdemo_site/cache/translation/116c467d302d69cc1951896fc44b1880/swe-SE/53f7dc8d28d0841b92a5e6c145999979.php]
[ Jan 27 2015 13:12:35 ] [var/ezdemo_site/cache/translation/116c467d302d69cc1951896fc44b1880/swe-SE/fbb5a6111b5789297e49ece905ee184a.php]
[ Jan 27 2015 13:12:35 ] [var/ezdemo_site/cache/translation/116c467d302d69cc1951896fc44b1880/swe-SE/1145c0945ef7cb889f04c6848f9558d8.php]
[ Jan 27 2015 13:12:35 ] [var/ezdemo_site/cache/translation/116c467d302d69cc1951896fc44b1880/swe-SE/04447381f1bb79201d83d33d4c2a8482.php]
[ Jan 27 2015 13:12:35 ] [var/ezdemo_site/cache/translation/116c467d302d69cc1951896fc44b1880/swe-SE/edf9463d2da34b298da6b9033e58ebb6.php]
[ Jan 27 2015 13:12:35 ] [var/ezdemo_site/cache/translation/116c467d302d69cc1951896fc44b1880/swe-SE/5dc2ebeb4846b6f76cd823c45c97e496.php]
[ Jan 27 2015 13:12:35 ] [var/ezdemo_site/cache/translation/116c467d302d69cc1951896fc44b1880/swe-SE/1078fefd6e15a9b3ccc57a2e36f1af65.php]
[ Jan 27 2015 13:12:35 ] [var/ezdemo_site/cache/translation/116c467d302d69cc1951896fc44b1880/swe-SE/6df312d511d181eae1f0370f3c362a78.php]
[ Jan 27 2015 13:12:35 ] [var/ezdemo_site/cache/translation/116c467d302d69cc1951896fc44b1880/swe-SE/3f0cd8bd6357814b5b4d99039b8b08a7.php]
[ Jan 27 2015 13:12:35 ] [var/ezdemo_site/cache/translation/116c467d302d69cc1951896fc44b1880/swe-SE/dbf394fc6ead71ebb018b39a4fa74ae7.php]
[ Jan 27 2015 13:12:35 ] [var/ezdemo_site/cache/translation/116c467d302d69cc1951896fc44b1880/swe-SE/198086efef193207864b822957904525.php]
[ Jan 27 2015 13:12:35 ] [var/ezdemo_site/cache/translation/116c467d302d69cc1951896fc44b1880/swe-SE/6cb0fed6ad5626899906f4f583766c58.php]
[ Jan 27 2015 13:12:35 ] [var/ezdemo_site/cache/translation/116c467d302d69cc1951896fc44b1880/swe-SE/96c7b714a4d5a2df74c02afc68fcb9a1.php]
[ Jan 27 2015 13:12:35 ] [var/ezdemo_site/cache/translation/116c467d302d69cc1951896fc44b1880/swe-SE/02b4c7c4d99e422826033c1eee63713a.php]
[ Jan 27 2015 13:12:35 ] [var/ezdemo_site/cache/translation/116c467d302d69cc1951896fc44b1880/swe-SE/ee5a22a1a6f16be26d31841478edf256.php]
[ Jan 27 2015 13:12:35 ] [var/ezdemo_site/cache/translation/116c467d302d69cc1951896fc44b1880/swe-SE/f75b072a78c4e622073867eefea9f082.php]
[ Jan 27 2015 13:12:35 ] [var/ezdemo_site/cache/translation/116c467d302d69cc1951896fc44b1880/swe-SE/4f06e99615787d9f912208791ea2547d.php]
[ Jan 27 2015 13:12:35 ] [var/ezdemo_site/cache/translation/116c467d302d69cc1951896fc44b1880/swe-SE/fc0090815e08137b8c3ec3e3d7bc29d3.php]
[ Jan 27 2015 13:12:35 ] [var/ezdemo_site/cache/translation/116c467d302d69cc1951896fc44b1880/swe-SE/8b5bad26f56da5404f0d304a328b2764.php]
[ Jan 27 2015 13:12:35 ] [var/ezdemo_site/cache/translation/116c467d302d69cc1951896fc44b1880/swe-SE/5feae4960fd85d5df7ea75aa0e56404a.php]
[ Jan 27 2015 13:12:35 ] [var/ezdemo_site/cache/translation/116c467d302d69cc1951896fc44b1880/swe-SE/88fcedd1f513076ed93ec96118d5f65a.php]
[ Jan 27 2015 13:12:35 ] [var/ezdemo_site/cache/translation/116c467d302d69cc1951896fc44b1880/swe-SE/dca8a984578e36f2416652ad91eaf2d9.php]
[ Jan 27 2015 13:12:35 ] [var/ezdemo_site/cache/translation/116c467d302d69cc1951896fc44b1880/swe-SE/828e0013b8f3bc1bb22b4f57172b019d.php]
[ Jan 27 2015 13:12:35 ] [var/ezdemo_site/cache/translation/116c467d302d69cc1951896fc44b1880/swe-SE/a1c5b6799ca08dd4c0f452eaaff39663.php]
[ Jan 27 2015 13:12:35 ] [var/ezdemo_site/cache/translation/116c467d302d69cc1951896fc44b1880/swe-SE/947f5e65113922df4d333ca99cab8309.php]
[ Jan 27 2015 13:12:35 ] [var/ezdemo_site/cache/translation/116c467d302d69cc1951896fc44b1880/swe-SE/808592343efcffd50917e16ef4d20f46.php]
[ Jan 27 2015 13:12:35 ] [var/ezdemo_site/cache/translation/116c467d302d69cc1951896fc44b1880/swe-SE/d907f72490bb0d76c6569a105d90b065.php]
[ Jan 27 2015 13:12:35 ] [var/ezdemo_site/cache/translation/116c467d302d69cc1951896fc44b1880/swe-SE/51d7a48eaf39f1770bd957ba41c5740b.php]
[ Jan 27 2015 13:12:35 ] [var/ezdemo_site/cache/translation/116c467d302d69cc1951896fc44b1880/swe-SE/acb401144ab1149999cbd5eed7b010a2.php]
[ Jan 27 2015 13:12:35 ] [var/ezdemo_site/cache/translation/116c467d302d69cc1951896fc44b1880/swe-SE/5eebdfc025ab9746b67ace94624f2e53.php]
[ Jan 27 2015 13:12:35 ] [var/ezdemo_site/cache/translation/116c467d302d69cc1951896fc44b1880/swe-SE/e10fee5c5acba0b34e1df0529cdcfde5.php]
[ Jan 27 2015 13:12:35 ] [var/ezdemo_site/cache/translation/116c467d302d69cc1951896fc44b1880/swe-SE/fea0fda6c1f5eb1951024fcf7de960b5.php]
[ Jan 27 2015 13:12:35 ] [var/ezdemo_site/cache/translation/116c467d302d69cc1951896fc44b1880/swe-SE/a84224d50c65a16ea6a40ef09b1966a1.php]
[ Jan 27 2015 13:12:35 ] [var/ezdemo_site/cache/translation/116c467d302d69cc1951896fc44b1880/swe-SE/d404898fb7ce393d1aedd6c371b5ebc8.php]
[ Jan 27 2015 13:12:35 ] [var/ezdemo_site/cache/translation/116c467d302d69cc1951896fc44b1880/swe-SE/b4e80e7b25ffa5e4b0c72587e70b0d34.php]
[ Jan 27 2015 13:12:35 ] [var/ezdemo_site/cache/translation/116c467d302d69cc1951896fc44b1880/swe-SE/5aee0e618bd6bef601f89f51aecbd025.php]
[ Jan 27 2015 13:12:35 ] [var/ezdemo_site/cache/translation/116c467d302d69cc1951896fc44b1880/swe-SE/cb4b72228ee7f3ff89fbcaa6c480e7de.php]
[ Jan 27 2015 13:12:35 ] [var/ezdemo_site/cache/translation/116c467d302d69cc1951896fc44b1880/swe-SE/d22b7dcecf868ff4cc313182dd858614.php]
[ Jan 27 2015 13:12:35 ] [var/ezdemo_site/cache/translation/116c467d302d69cc1951896fc44b1880/swe-SE/6b649d027be2d84da09a6fae41e1f0b6.php]
[ Jan 27 2015 13:12:35 ] [var/ezdemo_site/cache/translation/116c467d302d69cc1951896fc44b1880/swe-SE/68ccdf2ce466c97767e3707085d82d6a.php]
[ Jan 27 2015 13:12:35 ] [var/ezdemo_site/cache/translation/116c467d302d69cc1951896fc44b1880/swe-SE/04dca09b8d23ec968fe22545dd8d14d8.php]
[ Jan 27 2015 13:12:35 ] [var/ezdemo_site/cache/translation/116c467d302d69cc1951896fc44b1880/swe-SE/e8663b1fe56ad337f33eeec0e00e17e0.php]
[ Jan 27 2015 13:12:35 ] [var/ezdemo_site/cache/translation/116c467d302d69cc1951896fc44b1880/swe-SE/dfb775b0ae68820c4b66d441b905e6bd.php]
[ Jan 27 2015 13:12:35 ] [var/ezdemo_site/cache/translation/116c467d302d69cc1951896fc44b1880/swe-SE/cc5fbe87ac206a4423aad09b47307734.php]
[ Jan 27 2015 13:12:35 ] [var/ezdemo_site/cache/translation/116c467d302d69cc1951896fc44b1880/swe-SE/16babe37407ceb2929f14ee9ef346496.php]
[ Jan 27 2015 13:12:35 ] [var/ezdemo_site/cache/translation/116c467d302d69cc1951896fc44b1880/swe-SE/32a2d8891b0b5184e5234727b2ef27c9.php]
[ Jan 27 2015 13:12:35 ] [var/ezdemo_site/cache/translation/116c467d302d69cc1951896fc44b1880/swe-SE/b5cf7a1e1707f09304b95b5b5f5eec2b.php]
[ Jan 27 2015 13:12:35 ] [var/ezdemo_site/cache/translation/116c467d302d69cc1951896fc44b1880/swe-SE/f11e2058ebf13fc6f3b8f0407bc5defc.php]
[ Jan 27 2015 13:12:35 ] [var/ezdemo_site/cache/translation/116c467d302d69cc1951896fc44b1880/swe-SE/8cbfb675fbe502cb98049f794e8bdd67.php]
[ Jan 27 2015 13:12:35 ] [var/ezdemo_site/cache/translation/116c467d302d69cc1951896fc44b1880/swe-SE/3fdb2a9f332190ae5ea5837cc8fd6cee.php]
[ Jan 27 2015 13:12:35 ] [var/ezdemo_site/cache/translation/116c467d302d69cc1951896fc44b1880/swe-SE/c3bb2bdd47ccbcef83bc9dbd70b4788e.php]
[ Jan 27 2015 13:12:35 ] [var/ezdemo_site/cache/translation/116c467d302d69cc1951896fc44b1880/swe-SE/3d45c6966d668750520ab85f95725752.php]
[ Jan 27 2015 13:12:35 ] [var/ezdemo_site/cache/translation/116c467d302d69cc1951896fc44b1880/swe-SE/586568b4fde98821eda27d47cf680c8f.php]
[ Jan 27 2015 13:12:35 ] [var/ezdemo_site/cache/translation/116c467d302d69cc1951896fc44b1880/swe-SE/aeb1dd8f300950dd3b22b753cf6caea9.php]
[ Jan 27 2015 13:12:35 ] [var/ezdemo_site/cache/translation/116c467d302d69cc1951896fc44b1880/swe-SE/2ebcc3cf1ed57c935ff0249254b6bf0a.php]
[ Jan 27 2015 13:12:35 ] [var/ezdemo_site/cache/translation/116c467d302d69cc1951896fc44b1880/swe-SE/8a838fef5f48b7bcb88a07433892888d.php]
[ Jan 27 2015 13:12:35 ] [var/ezdemo_site/cache/translation/116c467d302d69cc1951896fc44b1880/swe-SE/b12a2feffd188190c77c9e02eec03bf7.php]
[ Jan 27 2015 13:12:35 ] [var/ezdemo_site/cache/translation/116c467d302d69cc1951896fc44b1880/swe-SE/8daf2796ce912ec123fee8c75d107449.php]
[ Jan 27 2015 13:12:35 ] [var/ezdemo_site/cache/translation/116c467d302d69cc1951896fc44b1880/swe-SE/0b1f59fe6e77e247af1eec110054af4c.php]
[ Jan 27 2015 13:12:35 ] [var/ezdemo_site/cache/translation/116c467d302d69cc1951896fc44b1880/swe-SE/a0677499c8a089b8297e420105df3f8b.php]
[ Jan 27 2015 13:12:35 ] [var/ezdemo_site/cache/translation/116c467d302d69cc1951896fc44b1880/swe-SE/b007ba4ccffd867b17d6c240331312f5.php]
[ Jan 27 2015 13:12:35 ] [var/ezdemo_site/cache/translation/116c467d302d69cc1951896fc44b1880/swe-SE/36b1bd4f7091aed2e9fc814eb3471d52.php]
[ Jan 27 2015 13:12:35 ] [var/ezdemo_site/cache/translation/116c467d302d69cc1951896fc44b1880/swe-SE/ebe57ebf65da8f6d5045116e346d6c57.php]
[ Jan 27 2015 13:12:35 ] [var/ezdemo_site/cache/translation/116c467d302d69cc1951896fc44b1880/swe-SE/79bce2538b9d7810eeb2179f86f7ad7f.php]
[ Jan 27 2015 13:12:35 ] [var/ezdemo_site/cache/translation/116c467d302d69cc1951896fc44b1880/swe-SE/c7893e69d8d39407ae0dd1bae18e85c5.php]
[ Jan 27 2015 13:12:35 ] [var/ezdemo_site/cache/translation/116c467d302d69cc1951896fc44b1880/swe-SE/57922bb4c07907dd3d32869650fadb67.php]
[ Jan 27 2015 13:12:35 ] [var/ezdemo_site/cache/translation/116c467d302d69cc1951896fc44b1880/swe-SE/26e9398785407db433c986f10f49531e.php]
[ Jan 27 2015 13:12:35 ] [var/ezdemo_site/cache/translation/116c467d302d69cc1951896fc44b1880/swe-SE/e16b29539b04e276cdcc20b5a7de3da4.php]
[ Jan 27 2015 13:12:35 ] [var/ezdemo_site/cache/translation/116c467d302d69cc1951896fc44b1880/swe-SE/6e2cc964027cc18ae365b6276e77911a.php]
[ Jan 27 2015 13:12:35 ] [var/ezdemo_site/cache/translation/116c467d302d69cc1951896fc44b1880/swe-SE/3f8e28b6defc3223d4bc504fb0cfc6e1.php]
[ Jan 27 2015 13:12:35 ] [var/ezdemo_site/cache/translation/116c467d302d69cc1951896fc44b1880/swe-SE/af179b2a337389cd60a919c8dc9f74e1.php]
[ Jan 27 2015 13:12:35 ] [var/ezdemo_site/cache/translation/116c467d302d69cc1951896fc44b1880/swe-SE/0ceacd617cb763b4a591930439d3df31.php]
[ Jan 27 2015 13:12:35 ] [var/ezdemo_site/cache/translation/116c467d302d69cc1951896fc44b1880/swe-SE/ed4047cd0854495daa231729c6ffb2bf.php]
[ Jan 27 2015 13:12:35 ] [var/ezdemo_site/cache/translation/116c467d302d69cc1951896fc44b1880/swe-SE/3b41be3ba98187a6feb51f53d333523b.php]
[ Jan 27 2015 13:12:35 ] [var/ezdemo_site/cache/translation/116c467d302d69cc1951896fc44b1880/swe-SE/c38a1a2140f912675c3739c84f91faf7.php]
[ Jan 27 2015 13:12:35 ] [var/ezdemo_site/cache/translation/116c467d302d69cc1951896fc44b1880/swe-SE/1b8d9daee84fbbab409d05664015ceaf.php]
[ Jan 27 2015 13:12:35 ] [var/ezdemo_site/cache/translation/116c467d302d69cc1951896fc44b1880/swe-SE/0a3ffcb24aaf53d2768e6ec4e5e87de2.php]
[ Jan 27 2015 13:12:35 ] [var/ezdemo_site/cache/translation/116c467d302d69cc1951896fc44b1880/swe-SE/e69a71c1d740177b35f7920066592cff.php]
[ Jan 27 2015 13:12:35 ] [var/ezdemo_site/cache/translation/116c467d302d69cc1951896fc44b1880/swe-SE/0451bdfcbf48eed8ccb374f1332e2d10.php]
[ Jan 27 2015 13:12:35 ] [var/ezdemo_site/cache/translation/116c467d302d69cc1951896fc44b1880/swe-SE/3d04371854761dfd6f068b19a2881d7e.php]
[ Jan 27 2015 13:12:35 ] [var/ezdemo_site/cache/translation/116c467d302d69cc1951896fc44b1880/swe-SE/26cfc1fbb9ab0f50d465c0efed9b5a72.php]
[ Jan 27 2015 13:12:35 ] [var/ezdemo_site/cache/translation/116c467d302d69cc1951896fc44b1880/swe-SE/a69d9b97bd9cf1f303f6eaeb07bc5934.php]
[ Jan 27 2015 13:12:35 ] [var/ezdemo_site/cache/translation/116c467d302d69cc1951896fc44b1880/swe-SE/f73ca849cc850e4c759392af91700cae.php]
[ Jan 27 2015 13:12:35 ] [var/ezdemo_site/cache/translation/116c467d302d69cc1951896fc44b1880/swe-SE/ac59be445f74d45ff9b9a5889f18e94b.php]
[ Jan 27 2015 13:12:35 ] [var/ezdemo_site/cache/translation/116c467d302d69cc1951896fc44b1880/swe-SE/306a256390f6b6cab38739bb1cc6a815.php]
[ Jan 27 2015 13:12:35 ] [var/ezdemo_site/cache/translation/116c467d302d69cc1951896fc44b1880/swe-SE/3602884c40bb149044b1575e7b2f2576.php]
[ Jan 27 2015 13:12:35 ] [var/ezdemo_site/cache/translation/116c467d302d69cc1951896fc44b1880/swe-SE/fb54f3c5992b96d001bb16e8e92d968d.php]
[ Jan 27 2015 13:12:35 ] [var/ezdemo_site/cache/translation/116c467d302d69cc1951896fc44b1880/swe-SE/97a6d738ccb6e22d6e69e6e93f5f8733.php]
[ Jan 27 2015 13:12:35 ] [var/ezdemo_site/cache/translation/116c467d302d69cc1951896fc44b1880/swe-SE/786a18746cb80644d91ee33addd0cbd7.php]
[ Jan 27 2015 13:12:35 ] [var/ezdemo_site/cache/translation/116c467d302d69cc1951896fc44b1880/swe-SE/5b473662fe967c9c15962cdda3d6f289.php]
[ Jan 27 2015 13:12:35 ] [var/ezdemo_site/cache/translation/116c467d302d69cc1951896fc44b1880/swe-SE/876688d450a234bc5695ab47e8d97d04.php]
[ Jan 27 2015 13:12:35 ] [var/ezdemo_site/cache/translation/116c467d302d69cc1951896fc44b1880/swe-SE/2280d283fbf86707ba58918e804a9ed5.php]
[ Jan 27 2015 13:12:35 ] [var/ezdemo_site/cache/translation/116c467d302d69cc1951896fc44b1880/swe-SE/cf2f6a9b7e6c398b55f39c4d373e8da9.php]
[ Jan 27 2015 13:12:35 ] [var/ezdemo_site/cache/translation/116c467d302d69cc1951896fc44b1880/swe-SE/8238a93577d09321d5b6249f55911355.php]
[ Jan 27 2015 13:12:35 ] [var/ezdemo_site/cache/translation/116c467d302d69cc1951896fc44b1880/swe-SE/c9ec4aa003394cc928ae7dc6b3979219.php]
[ Jan 27 2015 13:12:35 ] [var/ezdemo_site/cache/translation/116c467d302d69cc1951896fc44b1880/swe-SE/c634e876367d4d820497284198d0d572.php]
[ Jan 27 2015 13:12:35 ] [var/ezdemo_site/cache/translation/116c467d302d69cc1951896fc44b1880/swe-SE/bbdbe3520bf43b7bfc5ccef1f7a322d4.php]
[ Jan 27 2015 13:12:35 ] [var/ezdemo_site/cache/translation/116c467d302d69cc1951896fc44b1880/swe-SE/c30f1addce86ea1e460d9c08753b0c24.php]
[ Jan 27 2015 13:12:35 ] [var/ezdemo_site/cache/translation/116c467d302d69cc1951896fc44b1880/swe-SE/93ab4e5df65fa3865d677134ef74ab7a.php]
[ Jan 27 2015 13:12:35 ] [var/ezdemo_site/cache/translation/116c467d302d69cc1951896fc44b1880/swe-SE/295c4fbb37f38bf568456a926f739e3b.php]
[ Jan 27 2015 13:12:35 ] [var/ezdemo_site/cache/translation/116c467d302d69cc1951896fc44b1880/swe-SE/b26b0d2471d0a1146a9d08e901594c82.php]
[ Jan 27 2015 13:12:35 ] [var/ezdemo_site/cache/translation/116c467d302d69cc1951896fc44b1880/swe-SE/10dd0b2573488660bf6d1c4e7765ba61.php]
[ Jan 27 2015 13:12:35 ] [var/ezdemo_site/cache/translation/116c467d302d69cc1951896fc44b1880/swe-SE/6717da878c9faa8e6b074b79f6fff8fb.php]
[ Jan 27 2015 13:12:35 ] [var/ezdemo_site/cache/translation/116c467d302d69cc1951896fc44b1880/swe-SE/0cde739ca931dd01606ee43262c79ff1.php]
[ Jan 27 2015 13:12:35 ] [var/ezdemo_site/cache/translation/116c467d302d69cc1951896fc44b1880/swe-SE/22dccd9a5e3e160f3bbf41629d2b7e2c.php]
[ Jan 27 2015 13:12:35 ] [var/ezdemo_site/cache/translation/116c467d302d69cc1951896fc44b1880/swe-SE/a6b9a8e9593edd58cf755d7ebc914824.php]
[ Jan 27 2015 13:12:35 ] [var/ezdemo_site/cache/translation/116c467d302d69cc1951896fc44b1880/swe-SE/788b1ec6308e62b0949edf7937a9f5da.php]
[ Jan 27 2015 13:12:35 ] [var/ezdemo_site/cache/translation/116c467d302d69cc1951896fc44b1880/swe-SE/6c7b0c9d06997594485937b631cd44b4.php]
[ Jan 27 2015 13:12:35 ] [var/ezdemo_site/cache/translation/116c467d302d69cc1951896fc44b1880/swe-SE/1a8a8f30faa830d324c69f425c912b48.php]
[ Jan 27 2015 13:12:35 ] [var/ezdemo_site/cache/translation/116c467d302d69cc1951896fc44b1880/swe-SE/ba310ac8d995cd97a69dbb11b6c7aa83.php]
[ Jan 27 2015 13:12:35 ] [var/ezdemo_site/cache/translation/116c467d302d69cc1951896fc44b1880/swe-SE/130ecba81ad07c8f359709b77cc81fc5.php]
[ Jan 27 2015 13:12:35 ] [var/ezdemo_site/cache/translation/116c467d302d69cc1951896fc44b1880/swe-SE/cd84ba044098fcd3320590e02ced5aca.php]
[ Jan 27 2015 13:12:35 ] [var/ezdemo_site/cache/translation/116c467d302d69cc1951896fc44b1880/swe-SE/dd03bd5102bf91aca77a97c27a28701c.php]
[ Jan 27 2015 13:12:35 ] [var/ezdemo_site/cache/translation/116c467d302d69cc1951896fc44b1880/swe-SE/03112d888342b8abfc0afa0003ad16d5.php]
[ Jan 27 2015 13:12:35 ] [var/ezdemo_site/cache/translation/116c467d302d69cc1951896fc44b1880/swe-SE/043e2a67b8b08b763504ea58cafc8ed0.php]
[ Jan 27 2015 13:12:35 ] [var/ezdemo_site/cache/translation/116c467d302d69cc1951896fc44b1880/swe-SE/edcf89071e1bcf6d26a90f6ed9e3e478.php]
[ Jan 27 2015 13:12:35 ] [var/ezdemo_site/cache/translation/116c467d302d69cc1951896fc44b1880/swe-SE/52da5d1c9888a59b58fa795253929c2a.php]
[ Jan 27 2015 13:12:35 ] [var/ezdemo_site/cache/translation/116c467d302d69cc1951896fc44b1880/swe-SE/8d4bb8df93f34821ffeb3890baf02864.php]
[ Jan 27 2015 13:12:35 ] [var/ezdemo_site/cache/translation/116c467d302d69cc1951896fc44b1880/swe-SE/384936926e4ef524599cfe70fa6bb06b.php]
[ Jan 27 2015 13:12:35 ] [var/ezdemo_site/cache/translation/116c467d302d69cc1951896fc44b1880/swe-SE/a8941b6453289ea4de86f8413383556b.php]
[ Jan 27 2015 13:12:35 ] [var/ezdemo_site/cache/translation/116c467d302d69cc1951896fc44b1880/swe-SE/3ed4e90119c92d6eb8e36f0650035cc1.php]
[ Jan 27 2015 13:12:35 ] [var/ezdemo_site/cache/translation/116c467d302d69cc1951896fc44b1880/swe-SE/3603204bf9e42bd8a31dab42d867c130.php]
[ Jan 27 2015 13:12:35 ] [var/ezdemo_site/cache/translation/116c467d302d69cc1951896fc44b1880/swe-SE/98640469c6187b194d1b1070a9189a4a.php]
[ Jan 27 2015 13:12:35 ] [var/ezdemo_site/cache/translation/116c467d302d69cc1951896fc44b1880/swe-SE/9b762cb72be7d9b64acb731fdb0a9d35.php]
[ Jan 27 2015 13:12:35 ] [var/ezdemo_site/cache/translation/116c467d302d69cc1951896fc44b1880/swe-SE/d1b88b4df88ff35f3aeed8fba9cc1e84.php]
[ Jan 27 2015 13:12:35 ] [var/ezdemo_site/cache/translation/116c467d302d69cc1951896fc44b1880/swe-SE/5a126a090ef202724edc24c6870f8d1b.php]
[ Jan 27 2015 13:12:35 ] [var/ezdemo_site/cache/translation/116c467d302d69cc1951896fc44b1880/swe-SE/44959b042a0cbb108e50eeed2015f110.php]
[ Jan 27 2015 13:12:35 ] [var/ezdemo_site/cache/translation/116c467d302d69cc1951896fc44b1880/swe-SE/d2a47f84c422bcff80175da21e4af7bb.php]
[ Jan 27 2015 13:12:35 ] [var/ezdemo_site/cache/translation/116c467d302d69cc1951896fc44b1880/swe-SE/f3d258115c21b07b16314e6170592c42.php]
[ Jan 27 2015 13:12:35 ] [var/ezdemo_site/cache/translation/116c467d302d69cc1951896fc44b1880/swe-SE/0213f53a976c24e4e5d27f5e0882e78b.php]
[ Jan 27 2015 13:12:35 ] [var/ezdemo_site/cache/translation/116c467d302d69cc1951896fc44b1880/swe-SE/c08585f9ecb2f7459207a61d6fd6a834.php]
[ Jan 27 2015 13:12:35 ] [var/ezdemo_site/cache/translation/116c467d302d69cc1951896fc44b1880/swe-SE/3da0da7a53e79027bfffad0bc025742e.php]
[ Jan 27 2015 13:12:35 ] [var/ezdemo_site/cache/translation/116c467d302d69cc1951896fc44b1880/swe-SE/43b7c7a881dd7a3c7655c3b438eafed9.php]
[ Jan 27 2015 13:12:35 ] [var/ezdemo_site/cache/translation/116c467d302d69cc1951896fc44b1880/swe-SE/ceebace221a3f040350b1bbbb43149af.php]
[ Jan 27 2015 13:12:35 ] [var/ezdemo_site/cache/translation/116c467d302d69cc1951896fc44b1880/swe-SE/85828741a050cee25531e6be8fcb199e.php]
[ Jan 27 2015 13:12:35 ] [var/ezdemo_site/cache/translation/116c467d302d69cc1951896fc44b1880/swe-SE/ebdb912265b0e241942943e6e8a0f55a.php]
[ Jan 27 2015 13:12:35 ] [var/ezdemo_site/cache/translation/116c467d302d69cc1951896fc44b1880/swe-SE/7e4274a124028403aef89426550fdbe9.php]
[ Jan 27 2015 13:12:35 ] [var/ezdemo_site/cache/translation/116c467d302d69cc1951896fc44b1880/swe-SE/cb6ee725b09ab6adf1077ff87da660de.php]
[ Jan 27 2015 13:12:35 ] [var/ezdemo_site/cache/translation/116c467d302d69cc1951896fc44b1880/swe-SE/1fdfe473fe22d558883314a155c3fcb0.php]
[ Jan 27 2015 13:12:35 ] [var/ezdemo_site/cache/translation/116c467d302d69cc1951896fc44b1880/swe-SE/81e9c41fe33f0a579133fac606f9b088.php]
[ Jan 27 2015 13:12:35 ] [var/ezdemo_site/cache/translation/116c467d302d69cc1951896fc44b1880/swe-SE/9beaec8841a7f17e9b8060956ddba0bf.php]
[ Jan 27 2015 13:12:35 ] [var/ezdemo_site/cache/translation/116c467d302d69cc1951896fc44b1880/swe-SE/65a590810a6b15d105f0cf54c2914ec2.php]
[ Jan 27 2015 13:12:35 ] [var/ezdemo_site/cache/translation/116c467d302d69cc1951896fc44b1880/swe-SE/8b9e00ef95b328f3bc9ad189e3fbef69.php]
[ Jan 27 2015 13:12:35 ] [var/ezdemo_site/cache/translation/116c467d302d69cc1951896fc44b1880/swe-SE/fe64ab23857694aada4495afb7303f60.php]
[ Jan 27 2015 13:12:35 ] [var/ezdemo_site/cache/translation/116c467d302d69cc1951896fc44b1880/swe-SE/b497973e6290cbc59d96f3351b01a570.php]
[ Jan 27 2015 13:12:35 ] [var/ezdemo_site/cache/translation/116c467d302d69cc1951896fc44b1880/swe-SE/d7fdef111b3050120fd4b57d07ff43b0.php]
[ Jan 27 2015 13:12:35 ] [var/ezdemo_site/cache/translation/116c467d302d69cc1951896fc44b1880/swe-SE/c4aa9dcaa8f74c0b76167c649300e805.php]
[ Jan 27 2015 13:12:35 ] [var/ezdemo_site/cache/translation/116c467d302d69cc1951896fc44b1880/swe-SE/5cf6c59f4479eb6dc20c0e8a55373d06.php]
[ Jan 27 2015 13:12:35 ] [var/ezdemo_site/cache/translation/116c467d302d69cc1951896fc44b1880/swe-SE/e705e72d95b729e7ed9dbaf8fa8ddf79.php]
[ Jan 27 2015 13:12:35 ] [var/ezdemo_site/cache/translation/116c467d302d69cc1951896fc44b1880/swe-SE/16bf746d0b4ab2c5925f1f8f2c0931cc.php]
[ Jan 27 2015 13:12:35 ] [var/ezdemo_site/cache/translation/116c467d302d69cc1951896fc44b1880/swe-SE/09fdf5f333e0a37f9104bc21dd40469a.php]
[ Jan 27 2015 13:12:35 ] [var/ezdemo_site/cache/translation/116c467d302d69cc1951896fc44b1880/swe-SE/cbfa40d63983e1e305b9f71d028ea788.php]
[ Jan 27 2015 13:12:35 ] [var/ezdemo_site/cache/translation/116c467d302d69cc1951896fc44b1880/swe-SE/b9231492e6c61375248e2c23a76deada.php]
[ Jan 27 2015 13:12:35 ] [var/ezdemo_site/cache/translation/116c467d302d69cc1951896fc44b1880/swe-SE/583a1d19c0064c11505054aa6e3622a8.php]
[ Jan 27 2015 13:12:35 ] [var/ezdemo_site/cache/translation/116c467d302d69cc1951896fc44b1880/swe-SE/0d965bbc3f471be488fc7b48ef4dbea6.php]
[ Jan 27 2015 13:12:35 ] [var/ezdemo_site/cache/translation/116c467d302d69cc1951896fc44b1880/swe-SE/fd5fbc3896c606fa2f70241f5afb0c65.php]
[ Jan 27 2015 13:12:35 ] [var/ezdemo_site/cache/translation/116c467d302d69cc1951896fc44b1880/swe-SE/53785d12594f96d3260f299cd21efd0e.php]
[ Jan 27 2015 13:12:35 ] [var/ezdemo_site/cache/translation/116c467d302d69cc1951896fc44b1880/swe-SE/7c8c4ee747fac9b6c4041fddcb17faee.php]
[ Jan 27 2015 13:12:35 ] [var/ezdemo_site/cache/translation/116c467d302d69cc1951896fc44b1880/swe-SE/011c5e4802aab0351b2cf0b69bcba80a.php]
[ Jan 27 2015 13:12:35 ] [var/ezdemo_site/cache/translation/116c467d302d69cc1951896fc44b1880/swe-SE/30cd5d0c5c66843fb7e56fdd9112e3ac.php]
[ Jan 27 2015 13:12:35 ] [var/ezdemo_site/cache/translation/116c467d302d69cc1951896fc44b1880/swe-SE/489440a37ced19c0d2256528fe4eba6e.php]
[ Jan 27 2015 13:12:35 ] [var/ezdemo_site/cache/translation/116c467d302d69cc1951896fc44b1880/swe-SE/5934391cdd08bf26d967a21feee14b6f.php]
[ Jan 27 2015 13:12:35 ] [var/ezdemo_site/cache/translation/116c467d302d69cc1951896fc44b1880/swe-SE/deb9272aa4bf42019802a5b4ed3ef96b.php]
[ Jan 27 2015 13:12:35 ] [var/ezdemo_site/cache/translation/116c467d302d69cc1951896fc44b1880/swe-SE/0fca10ecb54f33505fd8765d52457bcc.php]
[ Jan 27 2015 13:12:35 ] [var/ezdemo_site/cache/translation/116c467d302d69cc1951896fc44b1880/swe-SE/91071490889b08018d0d078e266abd53.php]
[ Jan 27 2015 13:12:35 ] [var/ezdemo_site/cache/translation/116c467d302d69cc1951896fc44b1880/swe-SE/b518c96d95c122006fb791578c89c704.php]
[ Jan 27 2015 13:12:35 ] [var/ezdemo_site/cache/translation/116c467d302d69cc1951896fc44b1880/swe-SE/14a902e45279ab7b6b774cd24b38746d.php]
[ Jan 27 2015 13:12:35 ] [var/ezdemo_site/cache/translation/116c467d302d69cc1951896fc44b1880/swe-SE/445b99ed4d07efffac3691419ad1aeb2.php]
[ Jan 27 2015 13:12:35 ] [var/ezdemo_site/cache/translation/116c467d302d69cc1951896fc44b1880/swe-SE/6355065f91669e4011988d309679dc0b.php]
[ Jan 27 2015 13:12:35 ] [var/ezdemo_site/cache/translation/116c467d302d69cc1951896fc44b1880/swe-SE/9b77809286b0ac1a6b9bfcb8d2ceef2a.php]
[ Jan 27 2015 13:12:35 ] [var/ezdemo_site/cache/translation/116c467d302d69cc1951896fc44b1880/swe-SE/dcea424ddb471fccfe1872c6803581df.php]
[ Jan 27 2015 13:12:35 ] [var/ezdemo_site/cache/translation/116c467d302d69cc1951896fc44b1880/swe-SE/6430ca4bbe0aba7860d0ca9c1adc9b01.php]
[ Jan 27 2015 13:12:35 ] [var/ezdemo_site/cache/translation/116c467d302d69cc1951896fc44b1880/swe-SE/5cc9a30e61e9081a478bb268e9073d12.php]
[ Jan 27 2015 13:12:35 ] [var/ezdemo_site/cache/translation/116c467d302d69cc1951896fc44b1880/swe-SE/6a265c9a68e465c506c17646ea413184.php]
[ Jan 27 2015 13:12:35 ] [var/ezdemo_site/cache/translation/116c467d302d69cc1951896fc44b1880/swe-SE/a4fab7ea2b6b9b45f2a01a5db01a8692.php]
[ Jan 27 2015 13:12:35 ] [/var/www/public_websites/drumedar.net/newscenter.drumedar.net/htdocs/ezpublish_legacy/lib/ezutils/classes/../../../var/cache/ini/site-c2bef3a04bc8018a24d92ce1986fa36b.php]
[ Jan 27 2015 13:12:35 ] [var/ezdemo_site/cache/translation/116c467d302d69cc1951896fc44b1880/swe-SE/95f07856a1ac3356f3fd6d3e85686fb5.php]
[ Jan 27 2015 13:12:35 ] [/var/www/public_websites/drumedar.net/newscenter.drumedar.net/htdocs/ezpublish_legacy/lib/ezutils/classes/../../../var/cache/ini/module-b22d1173f7cd647afc969b50f5b56721.php]
[ Jan 27 2015 13:12:35 ] [var/ezdemo_site/cache/translation/116c467d302d69cc1951896fc44b1880/swe-SE/00d6e6de6bc12ae81b33e16f5de104af.php]
[ Jan 27 2015 13:12:35 ] [var/ezdemo_site/cache/translation/116c467d302d69cc1951896fc44b1880/swe-SE/b9d87780638afc8f8987d85243961564.php]
[ Jan 27 2015 13:12:35 ] [var/ezdemo_site/cache/translation/116c467d302d69cc1951896fc44b1880/swe-SE/4c8b8673dc7e668abc27065deef45c12.php]
[ Jan 27 2015 13:12:35 ] [var/ezdemo_site/cache/translation/116c467d302d69cc1951896fc44b1880/swe-SE/dc7a1d8090d7eda1a31ea120ccbe7be8.php]
[ Jan 27 2015 13:12:35 ] [var/ezdemo_site/cache/translation/116c467d302d69cc1951896fc44b1880/swe-SE/33463e2326c342ac2aceb73ade57b2a7.php]
[ Jan 27 2015 13:12:35 ] [var/ezdemo_site/cache/translation/116c467d302d69cc1951896fc44b1880/swe-SE/968246bf5c20b460bb7c993d87177406.php]
[ Jan 27 2015 13:12:35 ] [var/ezdemo_site/cache/translation/116c467d302d69cc1951896fc44b1880/swe-SE/beb1ed5dc93e7871cffdc71670a0af92.php]
[ Jan 27 2015 13:12:35 ] [/var/www/public_websites/drumedar.net/newscenter.drumedar.net/htdocs/ezpublish_legacy/lib/ezutils/classes/../../../var/cache/ini/debug-bdf0b2e21da0914f499e59e689e2bd3e.php]
[ Jan 27 2015 13:12:35 ] [var/ezdemo_site/cache/translation/116c467d302d69cc1951896fc44b1880/swe-SE/28b4fba28bc6cadeb09cde65753ac2a7.php]
[ Jan 27 2015 13:12:35 ] [var/ezdemo_site/cache/translation/116c467d302d69cc1951896fc44b1880/swe-SE/db62a7697f919239afe21d1046bdab0e.php]
[ Jan 27 2015 13:12:35 ] [var/ezdemo_site/cache/translation/116c467d302d69cc1951896fc44b1880/swe-SE/0f799ddc90523aeff6718df8b8602e59.php]
[ Jan 27 2015 13:12:35 ] [var/ezdemo_site/cache/translation/116c467d302d69cc1951896fc44b1880/swe-SE/10ba4473e7efd5151d6850768be26a40.php]
[ Jan 27 2015 13:12:35 ] [var/ezdemo_site/cache/translation/116c467d302d69cc1951896fc44b1880/swe-SE/2cfd3f864d89b32886a927d26fe0164a.php]
[ Jan 27 2015 13:12:35 ] [var/ezdemo_site/cache/translation/116c467d302d69cc1951896fc44b1880/swe-SE/a1913b555e25addd231ad19b668ff33e.php]
[ Jan 27 2015 13:12:35 ] [var/ezdemo_site/cache/translation/116c467d302d69cc1951896fc44b1880/swe-SE/1fee367d5278db210a1438ff40ad5335.php]
[ Jan 27 2015 13:12:35 ] [var/ezdemo_site/cache/translation/116c467d302d69cc1951896fc44b1880/swe-SE/161bdd46f8254b65995f2038e5b5f519.php]
[ Jan 27 2015 13:12:35 ] [var/ezdemo_site/cache/translation/116c467d302d69cc1951896fc44b1880/swe-SE/a2a063f57977a0bba74f56982d64741d.php]
[ Jan 27 2015 13:12:35 ] [var/ezdemo_site/cache/translation/116c467d302d69cc1951896fc44b1880/swe-SE/3272ed5d651c128b27c948712c685e67.php]
[ Jan 27 2015 13:12:35 ] [var/ezdemo_site/cache/translation/116c467d302d69cc1951896fc44b1880/swe-SE/d748236144a3b439f39ed8280949c316.php]
[ Jan 27 2015 13:12:35 ] [var/ezdemo_site/cache/translation/116c467d302d69cc1951896fc44b1880/swe-SE/089bcf35761f9d14da3bf215e8b739e5.php]
[ Jan 27 2015 13:12:35 ] [/var/www/public_websites/drumedar.net/newscenter.drumedar.net/htdocs/ezpublish_legacy/lib/ezutils/classes/../../../var/cache/ini/swe-SE-c81720a9a01dbe6ef53a57fda9b6c1bc.php]
[ Jan 27 2015 13:12:35 ] [var/ezdemo_site/cache/translation/116c467d302d69cc1951896fc44b1880/swe-SE/3641f8fd21f5ea5a0ee4543a1adcae02.php]
[ Jan 27 2015 13:12:35 ] [var/ezdemo_site/cache/translation/116c467d302d69cc1951896fc44b1880/swe-SE/e6cd2d7944254f0404b6665c3482b8c4.php]
[ Jan 27 2015 13:12:35 ] [var/ezdemo_site/cache/translation/116c467d302d69cc1951896fc44b1880/swe-SE/1cefdec17a60caf397cbbe3031a25dc7.php]
[ Jan 27 2015 13:12:35 ] [var/ezdemo_site/cache/translation/116c467d302d69cc1951896fc44b1880/swe-SE/34685dd63ce62833dd21a25651493770.php]
[ Jan 27 2015 13:12:35 ] [var/ezdemo_site/cache/translation/116c467d302d69cc1951896fc44b1880/swe-SE/8c1e67c4a555b4fb8c00c8764eab27de.php]
[ Jan 27 2015 13:12:35 ] [var/ezdemo_site/cache/translation/116c467d302d69cc1951896fc44b1880/swe-SE/5192c971579d86aa9d3d3b6d17f5bf65.php]
[ Jan 27 2015 13:12:35 ] [var/ezdemo_site/cache/translation/116c467d302d69cc1951896fc44b1880/swe-SE/70b3432bdfa484f38e093fa2c0098041.php]
[ Jan 27 2015 13:12:35 ] [var/ezdemo_site/cache/translation/116c467d302d69cc1951896fc44b1880/swe-SE/4718a95a6b206e3f879ccb4852cd5da6.php]
[ Jan 27 2015 13:12:35 ] [var/ezdemo_site/cache/translation/116c467d302d69cc1951896fc44b1880/swe-SE/2647dff7d0ac289c8fe87d8fd4585bb4.php]
[ Jan 27 2015 13:12:35 ] [var/ezdemo_site/cache/translation/116c467d302d69cc1951896fc44b1880/swe-SE/72affda06539728309302c66794e4d2d.php]
[ Jan 27 2015 13:12:35 ] [var/ezdemo_site/cache/translation/116c467d302d69cc1951896fc44b1880/swe-SE/d7b57ad539147e9a2ef24645a5095b87.php]
[ Jan 27 2015 13:12:35 ] [/var/www/public_websites/drumedar.net/newscenter.drumedar.net/htdocs/ezpublish_legacy/lib/ezutils/classes/../../../var/cache/ini/template-70b387369887019e765c2949885c3bfb.php]
[ Jan 27 2015 13:12:35 ] [var/ezdemo_site/cache/translation/116c467d302d69cc1951896fc44b1880/swe-SE/fd53c2169b54d0c69a319a832f628659.php]
[ Jan 27 2015 13:12:35 ] [var/ezdemo_site/cache/translation/116c467d302d69cc1951896fc44b1880/swe-SE/d8d5e89fb802eb1bd545dff2695e8bfd.php]
[ Jan 27 2015 13:12:35 ] [var/ezdemo_site/cache/translation/116c467d302d69cc1951896fc44b1880/swe-SE/bb6b8854d319b2cbc559e4478733b4a5.php]
[ Jan 27 2015 13:12:35 ] [var/ezdemo_site/cache/translation/116c467d302d69cc1951896fc44b1880/swe-SE/d5538c83f0e74512017ec19e452d5089.php]
[ Jan 27 2015 13:12:35 ] [var/ezdemo_site/cache/translation/116c467d302d69cc1951896fc44b1880/swe-SE/af84436212e67f6fe801c599a3b4ddf6.php]
[ Jan 27 2015 13:12:35 ] [var/ezdemo_site/cache/translation/116c467d302d69cc1951896fc44b1880/swe-SE/30a33a2e660c3e5550523c0ac5b32737.php]
[ Jan 27 2015 13:12:35 ] [var/ezdemo_site/cache/translation/116c467d302d69cc1951896fc44b1880/swe-SE/edd776d1a7f0f270e2bdce195b8082d8.php]
[ Jan 27 2015 13:12:35 ] [var/ezdemo_site/cache/translation/116c467d302d69cc1951896fc44b1880/swe-SE/ebdc70c82e27fd629e9750b30626933b.php]
[ Jan 27 2015 13:12:35 ] [var/ezdemo_site/cache/translation/116c467d302d69cc1951896fc44b1880/swe-SE/8f585042e53f711b7a34951df6640c7c.php]
[ Jan 27 2015 13:12:35 ] [var/ezdemo_site/cache/translation/116c467d302d69cc1951896fc44b1880/swe-SE/4e504003d13c9a4e6bc039c162d2f685.php]
[ Jan 27 2015 13:12:35 ] [var/ezdemo_site/cache/translation/116c467d302d69cc1951896fc44b1880/swe-SE/3333b8fb6c232f20ece6f18eddacc864.php]
[ Jan 27 2015 13:12:35 ] [var/ezdemo_site/cache/translation/116c467d302d69cc1951896fc44b1880/swe-SE/5c6ea73626f6468a1d3b6b183fea2319.php]
[ Jan 27 2015 13:12:35 ] [var/ezdemo_site/cache/translation/116c467d302d69cc1951896fc44b1880/swe-SE/e797efd859b7ac891cc2b889e3b82aed.php]
[ Jan 27 2015 13:12:35 ] [var/ezdemo_site/cache/translation/116c467d302d69cc1951896fc44b1880/swe-SE/3ee7fad5c97f03fe472f0d3eef51edf4.php]
[ Jan 27 2015 13:12:35 ] [/var/www/public_websites/drumedar.net/newscenter.drumedar.net/htdocs/ezpublish_legacy/lib/ezutils/classes/../../../var/cache/ini/file-9f754b71766dfc6428f18d0ddcee4c47.php]
[ Jan 27 2015 13:12:35 ] [var/ezdemo_site/cache/translation/116c467d302d69cc1951896fc44b1880/swe-SE/53767baab49bd6a72e518a2c2312ae15.php]
[ Jan 27 2015 13:12:35 ] [var/ezdemo_site/cache/translation/116c467d302d69cc1951896fc44b1880/swe-SE/261fd0037c3525fe288e987bf7fbb615.php]
[ Jan 27 2015 13:12:35 ] [var/ezdemo_site/cache/statelimitations_10ad1f9f8af3bd7f11fc0bbdef207bdb.php]
[ Jan 27 2015 13:12:35 ] [var/ezdemo_site/cache/translation/116c467d302d69cc1951896fc44b1880/swe-SE/a93a77f4f79e80700ef510b0140aed35.php]
[ Jan 27 2015 13:12:35 ] [var/ezdemo_site/cache/translation/116c467d302d69cc1951896fc44b1880/swe-SE/50dac6c253eb3727e7c57e93f484e675.php]
[ Jan 27 2015 13:12:35 ] [var/ezdemo_site/cache/translation/116c467d302d69cc1951896fc44b1880/swe-SE/d90026088732561e4b3caad6e8e3dc3a.php]
[ Jan 27 2015 13:12:35 ] [var/ezdemo_site/cache/translation/116c467d302d69cc1951896fc44b1880/swe-SE/e72f3cc30a228fb878abba3a8b2a6416.php]
[ Jan 27 2015 13:12:35 ] [var/ezdemo_site/cache/translation/116c467d302d69cc1951896fc44b1880/swe-SE/998021627b6873359f7c8a097e60faa5.php]
[ Jan 27 2015 13:12:35 ] [var/ezdemo_site/cache/translation/116c467d302d69cc1951896fc44b1880/swe-SE/fbdb2a687779b8979874a4e5c2e6ddd9.php]
[ Jan 27 2015 13:12:35 ] [/var/www/public_websites/drumedar.net/newscenter.drumedar.net/htdocs/ezpublish_legacy/lib/ezutils/classes/../../../var/cache/ini/override-5e7d06e6f75557a22f2ef4294b1ed99a.php]
[ Jan 27 2015 13:12:35 ] [/var/www/public_websites/drumedar.net/newscenter.drumedar.net/htdocs/ezpublish_legacy/lib/ezutils/classes/../../../var/cache/ini/design-a6e547029d2932c1e4b2bfcf04b01506.php]
[ Jan 27 2015 13:12:35 ] [/var/www/public_websites/drumedar.net/newscenter.drumedar.net/htdocs/ezpublish_legacy/lib/ezutils/classes/../../../var/cache/ini/file-5baac11b21dd657366da61e399366987.php]
[ Jan 27 2015 13:12:35 ] [/var/www/public_websites/drumedar.net/newscenter.drumedar.net/htdocs/ezpublish_legacy/lib/ezutils/classes/../../../var/cache/ini/content-e7ed8e1e9c0a08ad0f26cb547d739d79.php]
[ Jan 27 2015 13:12:35 ] [/var/www/public_websites/drumedar.net/newscenter.drumedar.net/htdocs/ezpublish_legacy/lib/ezutils/classes/../../../var/cache/ini/workflow-d14ea4c4399c06f8d5f07cd36e23e0a6.php]
[ Jan 27 2015 13:12:35 ] [var/ezdemo_site/cache/override/override_6637456a2de24a822f4a1f043704297d.php]
[ Jan 27 2015 13:12:36 ] [var/ezdemo_site/cache/template/compiled/common.php]
[ Jan 27 2015 13:12:36 ] [/var/www/public_websites/drumedar.net/newscenter.drumedar.net/htdocs/ezpublish_legacy/lib/ezutils/classes/../../../var/cache/ini/override-1292e82f7034407503c4319bfd56eea1.php]
[ Jan 27 2015 13:12:36 ] [/var/www/public_websites/drumedar.net/newscenter.drumedar.net/htdocs/ezpublish_legacy/lib/ezutils/classes/../../../var/cache/ini/design-05bed91fc2e6edad322309dcdaf0a0dc.php]
[ Jan 27 2015 13:12:36 ] [var/ezdemo_site/cache/template/compiled/login-27ec5d18f6e487a864a51c38d6a1b457.php]
[ Jan 27 2015 13:12:36 ] [/var/www/public_websites/drumedar.net/newscenter.drumedar.net/htdocs/ezpublish_legacy/lib/ezutils/classes/../../../var/cache/ini/menu-47e7093a8b6b131a09561d516737af8a.php]
[ Jan 27 2015 13:12:36 ] [var/ezdemo_site/cache/override/override_6cbc55058349fd5d324ddcf8c4be4cee.php]
[ Jan 27 2015 13:12:36 ] [var/ezdemo_site/cache/template/compiled/loginpagelayout-be2da0b96778ca0f34e6bb3454c9b8db.php]
[ Jan 27 2015 13:12:36 ] [var/ezdemo_site/cache/template/compiled/landing_page-f8bda5315621246080e4aa9745dc6d35.php]
[ Jan 27 2015 13:12:36 ] [var/ezdemo_site/cache/template/compiled/ezpage-2735d0bae854914c2ac113206fcdb5e4.php]
[ Jan 27 2015 13:12:36 ] [var/ezdemo_site/cache/template/compiled/page_head-401d1b911844788b1727b5a4453ff2ce.php]
[ Jan 27 2015 13:12:36 ] [/var/www/public_websites/drumedar.net/newscenter.drumedar.net/htdocs/ezpublish_legacy/lib/ezutils/classes/../../../var/cache/ini/zone-bbccfed50d78a74fb898011c2f416cfb.php]
[ Jan 27 2015 13:12:36 ] [var/ezdemo_site/cache/template/compiled/canonical_link-8127e8df2396bafddac2b0e0ea30131c.php]
[ Jan 27 2015 13:12:36 ] [var/ezdemo_site/cache/template/compiled/link-712e8cd28f5afcc115004cbff57627e2.php]
[ Jan 27 2015 13:12:36 ] [var/ezdemo_site/cache/template/compiled/2zoneslayout1-179c6949581f17090d17351dc7c383bc.php]
[ Jan 27 2015 13:12:36 ] [/var/www/public_websites/drumedar.net/newscenter.drumedar.net/htdocs/ezpublish_legacy/lib/ezutils/classes/../../../var/cache/ini/menu-3e4639a0f7cdcc259f0f326419dea16b.php]
[ Jan 27 2015 13:12:36 ] [var/ezdemo_site/cache/template/compiled/page_head_style-8ae7e8c77c4b03f45cb75cb37a754fa3.php]
[ Jan 27 2015 13:12:36 ] [/var/www/public_websites/drumedar.net/newscenter.drumedar.net/htdocs/ezpublish_legacy/lib/ezutils/classes/../../../var/cache/ini/ezjscore-a55a07827950f984ac22f97996eecfd7.php]
[ Jan 27 2015 13:12:36 ] [var/ezdemo_site/cache/template/compiled/page_head_style_inline-cce0f4efaa95b90db35ab42361b8aae4.php]
[ Jan 27 2015 13:12:36 ] [var/ezdemo_site/cache/template/compiled/page_head_script-e053814abdb4e56db6815d0f1dfde240.php]
[ Jan 27 2015 13:12:36 ] [var/ezdemo_site/cache/template/compiled/pagelayout-4a80d6efcbacb77a0145426b8b5cc027.php]
[ Jan 27 2015 13:12:36 ] [var/ezdemo_site/cache/template/compiled/page_head_displaystyles-68d537bb0b53a0d68bb0c9f8c561aa37.php]
[ Jan 27 2015 13:12:36 ] [/var/www/public_websites/drumedar.net/newscenter.drumedar.net/htdocs/ezpublish_legacy/lib/ezutils/classes/../../../var/cache/ini/eng-GB-365f363f2339a7c594a8e6db8e8f3a13.php]
[ Jan 27 2015 13:12:36 ] [var/ezdemo_site/cache/template/compiled/page_mainarea-f7e771b6bc8331ef9301d6f9139a5658.php]
[ Jan 27 2015 13:12:36 ] [var/ezdemo_site/cache/template/compiled/page_head-7462bc414ae37e1d25eac0bc1422dc17.php]
[ Jan 27 2015 13:12:36 ] [var/ezdemo_site/cache/template/compiled/page_login_copyright-a93dddec8b81af463649df96ff27a966.php]
[ Jan 27 2015 13:12:36 ] [var/ezdemo_site/cache/template/compiled/canonical_link-9348a4898d8d257e36fa54f1067e95bf.php]
[ Jan 27 2015 13:12:36 ] [var/ezdemo_site/cache/template/compiled/link-00b3d277e13cf2ba7dce02af613ec718.php]
[ Jan 27 2015 13:12:36 ] [var/ezdemo_site/cache/template/compiled/page_head_style-e887ac5115396b10e816a4af44e0f69b.php]
[ Jan 27 2015 13:12:36 ] [/var/www/public_websites/drumedar.net/newscenter.drumedar.net/htdocs/ezpublish_legacy/lib/ezutils/classes/../../../var/cache/ini/ezjscore-ed4e5c57938a054f3a932e99443868d2.php]
[ Jan 27 2015 13:12:36 ] [var/ezdemo_site/cache/template/compiled/page_head_script-5a40706f6413bef3ef063f08c776e26f.php]
[ Jan 27 2015 13:12:36 ] [var/ezdemo_site/cache/template/compiled/page_header-361db26391899f14d1574b55ee23f776.php]
[ Jan 27 2015 13:12:36 ] [var/ezdemo_site/cache/template/compiled/page_header_languages-04b6c8f066e5577b03ddeb9616810250.php]
[ Jan 27 2015 13:12:36 ] [/var/www/public_websites/drumedar.net/newscenter.drumedar.net/htdocs/ezpublish_legacy/lib/ezutils/classes/../../../var/cache/ini/site-2c302762eae184aa370a7d4b4bc3e2fc.php]
[ Jan 27 2015 13:12:36 ] [/var/www/public_websites/drumedar.net/newscenter.drumedar.net/htdocs/ezpublish_legacy/lib/ezutils/classes/../../../var/cache/ini/site-b2e20eb298392af2f177a49cbdc9b2d0.php]
[ Jan 27 2015 13:12:36 ] [var/ezdemo_site/cache/template/compiled/page_header_links-bea71a5c3edb9fff406aabad23804d74.php]
[ Jan 27 2015 13:12:36 ] [var/ezdemo_site/cache/template/compiled/page_header_logo-ae77aeab76d8226a8416b21e5b307e4c.php]
[ Jan 27 2015 13:12:36 ] [var/ezdemo_site/cache/template/compiled/page_header_searchbox-84a3d4bd42512a2545b496e4a9053034.php]
[ Jan 27 2015 13:12:36 ] [var/ezdemo_site/cache/template/compiled/page_topmenu-5959bd45e8b1785f0f26d31d41ada4ab.php]
[ Jan 27 2015 13:12:36 ] [var/ezdemo_site/cache/template/compiled/double_top-ffdb7817976660304688584d4d18ae7d.php]
[ Jan 27 2015 13:12:36 ] [var/ezdemo_site/cache/classidentifiers_10ad1f9f8af3bd7f11fc0bbdef207bdb.php]
[ Jan 27 2015 13:12:36 ] [var/ezdemo_site/cache/template/compiled/page_toppath-a9bf5bc828e3bbacdad636711865f49b.php]
[ Jan 27 2015 13:12:36 ] [var/ezdemo_site/cache/template/compiled/path-2adb8fe9d5c2a64cd3fff91a16f3b309.php]
[ Jan 27 2015 13:12:36 ] [var/ezdemo_site/cache/template/compiled/page_mainarea-5088335aa3ea2ed2ee2942b206e95132.php]
[ Jan 27 2015 13:12:36 ] [var/ezdemo_site/cache/template/compiled/page_footer-5c316f0afc08b53e460af4a55693cca3.php]
[ Jan 27 2015 13:12:36 ] [var/ezdemo_site/cache/template/compiled/address-0bef9c10674ac9c52e42bada677adb25.php]
[ Jan 27 2015 13:12:36 ] [/var/www/public_websites/drumedar.net/newscenter.drumedar.net/htdocs/ezpublish_legacy/lib/ezutils/classes/../../../var/cache/ini/ezxml-9a191a977449ebb036ed6cbf3243e6be.php]
[ Jan 27 2015 13:12:36 ] [var/ezdemo_site/cache/template/compiled/ezxmltext-0f94e5e2680c04386574eabd5ed27714.php]
[ Jan 27 2015 13:12:36 ] [var/ezdemo_site/cache/template/compiled/paragraph-f7ab6ff1bce201f2cf596de919438443.php]
[ Jan 27 2015 13:12:36 ] [var/ezdemo_site/cache/template/compiled/link-354685d7cd62a6719b3cadf37259fd5a.php]
[ Jan 27 2015 13:12:36 ] [var/ezdemo_site/cache/template/compiled/latest_news-1624c07a02b6fe237be09a6ce4e0c0df.php]
[ Jan 27 2015 13:12:36 ] [var/ezdemo_site/cache/template/compiled/links-61fadd3b77b0f89fde14ecf34993f525.php]
[ Jan 27 2015 13:12:36 ] [var/ezdemo_site/cache/template/compiled/li-bce17423efe47086ac8db3da55f7cc9e.php]
[ Jan 27 2015 13:12:36 ] [var/ezdemo_site/cache/template/compiled/ul-9bf3b533c27a1253787d7a76a9993b35.php]
[ Jan 27 2015 13:12:36 ] [var/ezdemo_site/cache/template/compiled/page_footer_script-e6a1c3a080af03dfabafc4b9e371a0f2.php]
